04.02.2025 20:41:45 : Début de la constitution de l'index : C:\Downloaded Web Sites\github_old_cfc\oldcfc\pdf_files\pdf_500_1.pdx
04.02.2025 20:41:45 : Recherche en cours : C:\Downloaded Web Sites\github_old_cfc\oldcfc\pdf_files\
04.02.2025 20:41:53 : Indexation de 449 fichier(s)
04.02.2025 20:41:53 : Extraction : C:\Downloaded Web Sites\github_old_cfc\oldcfc\pdf_files\2011_BT_ELM_corrige.pdf
04.02.2025 20:41:53 : Extraction : C:\Downloaded Web Sites\github_old_cfc\oldcfc\pdf_files\2011_BT_ELM_donnee.pdf
04.02.2025 20:41:53 : Extraction : C:\Downloaded Web Sites\github_old_cfc\oldcfc\pdf_files\2011_BT_IEL_corrige.pdf
04.02.2025 20:41:54 : Extraction : C:\Downloaded Web Sites\github_old_cfc\oldcfc\pdf_files\2011_BT_IEL_donnee.pdf
04.02.2025 20:41:54 : Extraction : C:\Downloaded Web Sites\github_old_cfc\oldcfc\pdf_files\2011_BT_PELE_corrige.pdf
04.02.2025 20:41:54 : Extraction : C:\Downloaded Web Sites\github_old_cfc\oldcfc\pdf_files\2011_BT_PELE_donnee.pdf
04.02.2025 20:41:54 : Extraction : C:\Downloaded Web Sites\github_old_cfc\oldcfc\pdf_files\2011_BT_TLM_corrige.pdf
04.02.2025 20:41:55 : Extraction : C:\Downloaded Web Sites\github_old_cfc\oldcfc\pdf_files\2011_BT_TLM_donnee.pdf
04.02.2025 20:41:55 : Extraction : C:\Downloaded Web Sites\github_old_cfc\oldcfc\pdf_files\2011_DTno_ELM_corrige.pdf
04.02.2025 20:41:55 : Extraction : C:\Downloaded Web Sites\github_old_cfc\oldcfc\pdf_files\2011_DTno_ELM_donnee.pdf
04.02.2025 20:41:55 : Extraction : C:\Downloaded Web Sites\github_old_cfc\oldcfc\pdf_files\2011_DTno_IEL_corrige.pdf
04.02.2025 20:41:56 : Extraction : C:\Downloaded Web Sites\github_old_cfc\oldcfc\pdf_files\2011_DTno_IEL_donnee.pdf
04.02.2025 20:41:56 : Extraction : C:\Downloaded Web Sites\github_old_cfc\oldcfc\pdf_files\2011_DTpl_ELM_corrige.pdf
04.02.2025 20:41:56 : Extraction : C:\Downloaded Web Sites\github_old_cfc\oldcfc\pdf_files\2011_DTpl_ELM_donnee.pdf
04.02.2025 20:41:56 : Extraction : C:\Downloaded Web Sites\github_old_cfc\oldcfc\pdf_files\2011_DTpl_IEL_corrige.pdf
04.02.2025 20:41:57 : Extraction : C:\Downloaded Web Sites\github_old_cfc\oldcfc\pdf_files\2011_DTpl_IEL_donnee.pdf
04.02.2025 20:41:57 : Extraction : C:\Downloaded Web Sites\github_old_cfc\oldcfc\pdf_files\2011_DTsc_ELM_corrige.pdf
04.02.2025 20:41:57 : Extraction : C:\Downloaded Web Sites\github_old_cfc\oldcfc\pdf_files\2011_DTsc_ELM_donnee.pdf
04.02.2025 20:41:57 : Extraction : C:\Downloaded Web Sites\github_old_cfc\oldcfc\pdf_files\2011_DTsc_IEL_corrige.pdf
04.02.2025 20:41:58 : Extraction : C:\Downloaded Web Sites\github_old_cfc\oldcfc\pdf_files\2011_DTsc_IEL_donnee.pdf
04.02.2025 20:41:58 : Extraction : C:\Downloaded Web Sites\github_old_cfc\oldcfc\pdf_files\2011_DT_PELE_corrige.pdf
04.02.2025 20:41:59 : Extraction : C:\Downloaded Web Sites\github_old_cfc\oldcfc\pdf_files\2011_DT_PELE_donnee.pdf
04.02.2025 20:41:59 : Extraction : C:\Downloaded Web Sites\github_old_cfc\oldcfc\pdf_files\2011_DT_TLM_corrige.pdf
04.02.2025 20:42:00 : Extraction : C:\Downloaded Web Sites\github_old_cfc\oldcfc\pdf_files\2011_DT_TLM_donnee.pdf
04.02.2025 20:42:00 : Extraction : C:\Downloaded Web Sites\github_old_cfc\oldcfc\pdf_files\2011_TC_IEL_corrige.pdf
04.02.2025 20:42:01 : Extraction : C:\Downloaded Web Sites\github_old_cfc\oldcfc\pdf_files\2011_TC_IEL_donnee.pdf
04.02.2025 20:42:01 : Extraction : C:\Downloaded Web Sites\github_old_cfc\oldcfc\pdf_files\2011_TC_PELE_corrige.pdf
04.02.2025 20:42:01 : Extraction : C:\Downloaded Web Sites\github_old_cfc\oldcfc\pdf_files\2011_TC_PELE_donnee.pdf
04.02.2025 20:42:01 : Extraction : C:\Downloaded Web Sites\github_old_cfc\oldcfc\pdf_files\2011_TR_TLM_corrige.pdf
04.02.2025 20:42:02 : Extraction : C:\Downloaded Web Sites\github_old_cfc\oldcfc\pdf_files\2011_TR_TLM_donnee.pdf
04.02.2025 20:42:03 : Extraction : C:\Downloaded Web Sites\github_old_cfc\oldcfc\pdf_files\2011_TS_ELM_corrige.pdf
04.02.2025 20:42:03 : Extraction : C:\Downloaded Web Sites\github_old_cfc\oldcfc\pdf_files\2011_TS_ELM_donnee.pdf
04.02.2025 20:42:03 : Extraction : C:\Downloaded Web Sites\github_old_cfc\oldcfc\pdf_files\2011_TS_IEL_corrige.pdf
04.02.2025 20:42:04 : Extraction : C:\Downloaded Web Sites\github_old_cfc\oldcfc\pdf_files\2011_TS_IEL_donnee.pdf
04.02.2025 20:42:04 : Extraction : C:\Downloaded Web Sites\github_old_cfc\oldcfc\pdf_files\2011_TS_PELE_corrige.pdf
04.02.2025 20:42:05 : Extraction : C:\Downloaded Web Sites\github_old_cfc\oldcfc\pdf_files\2011_TS_PELE_donnee.pdf
04.02.2025 20:42:05 : Extraction : C:\Downloaded Web Sites\github_old_cfc\oldcfc\pdf_files\2011_TS_TLM_corrige.pdf
04.02.2025 20:42:06 : Extraction : C:\Downloaded Web Sites\github_old_cfc\oldcfc\pdf_files\2011_TS_TLM_donnee.pdf
04.02.2025 20:42:06 : Extraction : C:\Downloaded Web Sites\github_old_cfc\oldcfc\pdf_files\2012_BT_ELM_corrige.pdf
04.02.2025 20:42:06 : Extraction : C:\Downloaded Web Sites\github_old_cfc\oldcfc\pdf_files\2012_BT_ELM_donnee.pdf
04.02.2025 20:42:07 : Extraction : C:\Downloaded Web Sites\github_old_cfc\oldcfc\pdf_files\2012_BT_IELE_corrige.pdf
04.02.2025 20:42:07 : Extraction : C:\Downloaded Web Sites\github_old_cfc\oldcfc\pdf_files\2012_BT_IELE_donnee.pdf
04.02.2025 20:42:08 : Extraction : C:\Downloaded Web Sites\github_old_cfc\oldcfc\pdf_files\2012_BT_PELE_corrige.pdf
04.02.2025 20:42:08 : Extraction : C:\Downloaded Web Sites\github_old_cfc\oldcfc\pdf_files\2012_BT_PELE_donnee.pdf
04.02.2025 20:42:08 : Extraction : C:\Downloaded Web Sites\github_old_cfc\oldcfc\pdf_files\2012_BT_TLM_corrige.pdf
04.02.2025 20:42:09 : Extraction : C:\Downloaded Web Sites\github_old_cfc\oldcfc\pdf_files\2012_BT_TLM_donnee.pdf
04.02.2025 20:42:09 : Extraction : C:\Downloaded Web Sites\github_old_cfc\oldcfc\pdf_files\2012_DTno_ELM_corrige.pdf
04.02.2025 20:42:09 : Extraction : C:\Downloaded Web Sites\github_old_cfc\oldcfc\pdf_files\2012_DTno_ELM_donnee.pdf
04.02.2025 20:42:10 : Extraction : C:\Downloaded Web Sites\github_old_cfc\oldcfc\pdf_files\2012_DTno_IEL_corrige.pdf
04.02.2025 20:42:10 : Extraction : C:\Downloaded Web Sites\github_old_cfc\oldcfc\pdf_files\2012_DTno_IEL_donnee.pdf
04.02.2025 20:42:10 : Extraction : C:\Downloaded Web Sites\github_old_cfc\oldcfc\pdf_files\2012_DTpl_ELM_corrige.pdf
04.02.2025 20:42:10 : Extraction : C:\Downloaded Web Sites\github_old_cfc\oldcfc\pdf_files\2012_DTpl_ELM_donnee.pdf
04.02.2025 20:42:11 : Extraction : C:\Downloaded Web Sites\github_old_cfc\oldcfc\pdf_files\2012_DTpl_IEL_corrige.pdf
04.02.2025 20:42:11 : Extraction : C:\Downloaded Web Sites\github_old_cfc\oldcfc\pdf_files\2012_DTpl_IEL_donnee.pdf
04.02.2025 20:42:11 : Extraction : C:\Downloaded Web Sites\github_old_cfc\oldcfc\pdf_files\2012_DTsc_ELM_corrige.pdf
04.02.2025 20:42:11 : Extraction : C:\Downloaded Web Sites\github_old_cfc\oldcfc\pdf_files\2012_DTsc_ELM_donnee.pdf
04.02.2025 20:42:12 : Extraction : C:\Downloaded Web Sites\github_old_cfc\oldcfc\pdf_files\2012_DTsc_IEL_corrige.pdf
04.02.2025 20:42:12 : Extraction : C:\Downloaded Web Sites\github_old_cfc\oldcfc\pdf_files\2012_DTsc_IEL_donnee.pdf
04.02.2025 20:42:13 : Extraction : C:\Downloaded Web Sites\github_old_cfc\oldcfc\pdf_files\2012_DT_PELE_corrige.pdf
04.02.2025 20:42:13 : Extraction : C:\Downloaded Web Sites\github_old_cfc\oldcfc\pdf_files\2012_DT_PELE_donnee.pdf
04.02.2025 20:42:14 : Extraction : C:\Downloaded Web Sites\github_old_cfc\oldcfc\pdf_files\2012_DT_TLM_corrige.pdf
04.02.2025 20:42:14 : Extraction : C:\Downloaded Web Sites\github_old_cfc\oldcfc\pdf_files\2012_DT_TLM_donnee.pdf
04.02.2025 20:42:15 : Extraction : C:\Downloaded Web Sites\github_old_cfc\oldcfc\pdf_files\2012_TC_IEL_corrige.pdf
04.02.2025 20:42:15 : Extraction : C:\Downloaded Web Sites\github_old_cfc\oldcfc\pdf_files\2012_TC_IEL_donnee.pdf
04.02.2025 20:42:16 : Extraction : C:\Downloaded Web Sites\github_old_cfc\oldcfc\pdf_files\2012_TC_PELE_corrige.pdf
04.02.2025 20:42:16 : Extraction : C:\Downloaded Web Sites\github_old_cfc\oldcfc\pdf_files\2012_TC_PELE_donnee.pdf
04.02.2025 20:42:17 : Extraction : C:\Downloaded Web Sites\github_old_cfc\oldcfc\pdf_files\2012_TR_TLM_corrige.pdf
04.02.2025 20:42:18 : Extraction : C:\Downloaded Web Sites\github_old_cfc\oldcfc\pdf_files\2012_TR_TLM_donnee.pdf
04.02.2025 20:42:19 : Extraction : C:\Downloaded Web Sites\github_old_cfc\oldcfc\pdf_files\2012_TS_ELM_corrige.pdf
04.02.2025 20:42:19 : Extraction : C:\Downloaded Web Sites\github_old_cfc\oldcfc\pdf_files\2012_TS_ELM_donnee.pdf
04.02.2025 20:42:19 : Extraction : C:\Downloaded Web Sites\github_old_cfc\oldcfc\pdf_files\2012_TS_IEL_corrige.pdf
04.02.2025 20:42:20 : Extraction : C:\Downloaded Web Sites\github_old_cfc\oldcfc\pdf_files\2012_TS_IEL_donnee.pdf
04.02.2025 20:42:21 : Extraction : C:\Downloaded Web Sites\github_old_cfc\oldcfc\pdf_files\2012_TS_PELE_corrige.pdf
04.02.2025 20:42:21 : Extraction : C:\Downloaded Web Sites\github_old_cfc\oldcfc\pdf_files\2012_TS_PELE_donnee.pdf
04.02.2025 20:42:22 : Extraction : C:\Downloaded Web Sites\github_old_cfc\oldcfc\pdf_files\2012_TS_TLM_corrige.pdf
04.02.2025 20:42:22 : Extraction : C:\Downloaded Web Sites\github_old_cfc\oldcfc\pdf_files\2012_TS_TLM_donnee.pdf
04.02.2025 20:42:23 : Extraction : C:\Downloaded Web Sites\github_old_cfc\oldcfc\pdf_files\2013_BT_ELM_corrige.pdf
04.02.2025 20:42:23 : Extraction : C:\Downloaded Web Sites\github_old_cfc\oldcfc\pdf_files\2013_BT_ELM_donnee.pdf
04.02.2025 20:42:23 : Extraction : C:\Downloaded Web Sites\github_old_cfc\oldcfc\pdf_files\2013_BT_IEL_corrige.pdf
04.02.2025 20:42:24 : Extraction : C:\Downloaded Web Sites\github_old_cfc\oldcfc\pdf_files\2013_BT_IEL_donnee.pdf
04.02.2025 20:42:24 : Extraction : C:\Downloaded Web Sites\github_old_cfc\oldcfc\pdf_files\2013_BT_PELE_corrige.pdf
04.02.2025 20:42:25 : Extraction : C:\Downloaded Web Sites\github_old_cfc\oldcfc\pdf_files\2013_BT_PELE_donnee.pdf
04.02.2025 20:42:25 : Extraction : C:\Downloaded Web Sites\github_old_cfc\oldcfc\pdf_files\2013_BT_TLM_corrige.pdf
04.02.2025 20:42:25 : Extraction : C:\Downloaded Web Sites\github_old_cfc\oldcfc\pdf_files\2013_BT_TLM_donnee.pdf
04.02.2025 20:42:26 : Extraction : C:\Downloaded Web Sites\github_old_cfc\oldcfc\pdf_files\2013_DTno_ELM_corrige.pdf
04.02.2025 20:42:26 : Extraction : C:\Downloaded Web Sites\github_old_cfc\oldcfc\pdf_files\2013_DTno_ELM_donnee.pdf
04.02.2025 20:42:26 : Extraction : C:\Downloaded Web Sites\github_old_cfc\oldcfc\pdf_files\2013_DTno_IEL_corrige.pdf
04.02.2025 20:42:27 : Extraction : C:\Downloaded Web Sites\github_old_cfc\oldcfc\pdf_files\2013_DTno_IEL_donnee.pdf
04.02.2025 20:42:27 : Extraction : C:\Downloaded Web Sites\github_old_cfc\oldcfc\pdf_files\2013_DTpl_ELM_corrige.pdf
04.02.2025 20:42:27 : Extraction : C:\Downloaded Web Sites\github_old_cfc\oldcfc\pdf_files\2013_DTpl_ELM_donnee.pdf
04.02.2025 20:42:27 : Extraction : C:\Downloaded Web Sites\github_old_cfc\oldcfc\pdf_files\2013_DTpl_IEL_corrige.pdf
04.02.2025 20:42:28 : Extraction : C:\Downloaded Web Sites\github_old_cfc\oldcfc\pdf_files\2013_DTpl_IEL_donnee.pdf
04.02.2025 20:42:28 : Extraction : C:\Downloaded Web Sites\github_old_cfc\oldcfc\pdf_files\2013_DTsc_ELM_corrige.pdf
04.02.2025 20:42:28 : Extraction : C:\Downloaded Web Sites\github_old_cfc\oldcfc\pdf_files\2013_DTsc_ELM_donnee.pdf
04.02.2025 20:42:28 : Extraction : C:\Downloaded Web Sites\github_old_cfc\oldcfc\pdf_files\2013_DTsc_IEL_corrige.pdf
04.02.2025 20:42:29 : Extraction : C:\Downloaded Web Sites\github_old_cfc\oldcfc\pdf_files\2013_DTsc_IEL_donnee.pdf
04.02.2025 20:42:29 : Extraction : C:\Downloaded Web Sites\github_old_cfc\oldcfc\pdf_files\2013_DT_PELE_corrige.pdf
04.02.2025 20:42:30 : Extraction : C:\Downloaded Web Sites\github_old_cfc\oldcfc\pdf_files\2013_DT_PELE_donnee.pdf
04.02.2025 20:42:30 : Extraction : C:\Downloaded Web Sites\github_old_cfc\oldcfc\pdf_files\2013_DT_TLM_corrige.pdf
04.02.2025 20:42:31 : Extraction : C:\Downloaded Web Sites\github_old_cfc\oldcfc\pdf_files\2013_DT_TLM_donnee.pdf
04.02.2025 20:42:32 : Extraction : C:\Downloaded Web Sites\github_old_cfc\oldcfc\pdf_files\2013_TC_IEL_corrige.pdf
04.02.2025 20:42:32 : Extraction : C:\Downloaded Web Sites\github_old_cfc\oldcfc\pdf_files\2013_TC_IEL_donnee.pdf
04.02.2025 20:42:32 : Extraction : C:\Downloaded Web Sites\github_old_cfc\oldcfc\pdf_files\2013_TC_PELE_corrige.pdf
04.02.2025 20:42:32 : Extraction : C:\Downloaded Web Sites\github_old_cfc\oldcfc\pdf_files\2013_TC_PELE_donnee.pdf
04.02.2025 20:42:33 : Extraction : C:\Downloaded Web Sites\github_old_cfc\oldcfc\pdf_files\2013_TC_TLM_corrige.pdf
04.02.2025 20:42:34 : Extraction : C:\Downloaded Web Sites\github_old_cfc\oldcfc\pdf_files\2013_TC_TLM_donnee.pdf
04.02.2025 20:42:34 : Extraction : C:\Downloaded Web Sites\github_old_cfc\oldcfc\pdf_files\2013_TS_ELM_corrige.pdf
04.02.2025 20:42:35 : Extraction : C:\Downloaded Web Sites\github_old_cfc\oldcfc\pdf_files\2013_TS_ELM_donnee.pdf
04.02.2025 20:42:35 : Extraction : C:\Downloaded Web Sites\github_old_cfc\oldcfc\pdf_files\2013_TS_IEL_corrige.pdf
04.02.2025 20:42:35 : Extraction : C:\Downloaded Web Sites\github_old_cfc\oldcfc\pdf_files\2013_TS_IEL_donnee.pdf
04.02.2025 20:42:36 : Extraction : C:\Downloaded Web Sites\github_old_cfc\oldcfc\pdf_files\2013_TS_PELE_corrige.pdf
04.02.2025 20:42:36 : Extraction : C:\Downloaded Web Sites\github_old_cfc\oldcfc\pdf_files\2013_TS_PELE_donnee.pdf
04.02.2025 20:42:37 : Extraction : C:\Downloaded Web Sites\github_old_cfc\oldcfc\pdf_files\2013_TS_TLM_corrige.pdf
04.02.2025 20:42:37 : Extraction : C:\Downloaded Web Sites\github_old_cfc\oldcfc\pdf_files\2013_TS_TLM_donnee.pdf
04.02.2025 20:42:38 : Extraction : C:\Downloaded Web Sites\github_old_cfc\oldcfc\pdf_files\2014_BT_ELM_corrige.pdf
04.02.2025 20:42:38 : Extraction : C:\Downloaded Web Sites\github_old_cfc\oldcfc\pdf_files\2014_BT_ELM_donnee.pdf
04.02.2025 20:42:38 : Extraction : C:\Downloaded Web Sites\github_old_cfc\oldcfc\pdf_files\2014_BT_IEL_corrige.pdf
04.02.2025 20:42:39 : Extraction : C:\Downloaded Web Sites\github_old_cfc\oldcfc\pdf_files\2014_BT_IEL_donnee.pdf
04.02.2025 20:42:39 : Extraction : C:\Downloaded Web Sites\github_old_cfc\oldcfc\pdf_files\2014_BT_PELE_corrige.pdf
04.02.2025 20:42:39 : Extraction : C:\Downloaded Web Sites\github_old_cfc\oldcfc\pdf_files\2014_BT_PELE_donnee.pdf
04.02.2025 20:42:39 : Extraction : C:\Downloaded Web Sites\github_old_cfc\oldcfc\pdf_files\2014_BT_TLM_corrige.pdf
04.02.2025 20:42:40 : Extraction : C:\Downloaded Web Sites\github_old_cfc\oldcfc\pdf_files\2014_BT_TLM_donnee.pdf
04.02.2025 20:42:40 : Extraction : C:\Downloaded Web Sites\github_old_cfc\oldcfc\pdf_files\2014_DTno_ELM_corrige.pdf
04.02.2025 20:42:40 : Extraction : C:\Downloaded Web Sites\github_old_cfc\oldcfc\pdf_files\2014_DTno_ELM_donnee.pdf
04.02.2025 20:42:41 : Extraction : C:\Downloaded Web Sites\github_old_cfc\oldcfc\pdf_files\2014_DTno_IEL_corrige.pdf
04.02.2025 20:42:41 : Extraction : C:\Downloaded Web Sites\github_old_cfc\oldcfc\pdf_files\2014_DTno_IEL_donnee.pdf
04.02.2025 20:42:41 : Extraction : C:\Downloaded Web Sites\github_old_cfc\oldcfc\pdf_files\2014_DTpl_ELM_corrige.pdf
04.02.2025 20:42:42 : Extraction : C:\Downloaded Web Sites\github_old_cfc\oldcfc\pdf_files\2014_DTpl_ELM_donnee.pdf
04.02.2025 20:42:42 : Extraction : C:\Downloaded Web Sites\github_old_cfc\oldcfc\pdf_files\2014_DTpl_IEL_corrige.pdf
04.02.2025 20:42:42 : Extraction : C:\Downloaded Web Sites\github_old_cfc\oldcfc\pdf_files\2014_DTpl_IEL_donnee.pdf
04.02.2025 20:42:43 : Extraction : C:\Downloaded Web Sites\github_old_cfc\oldcfc\pdf_files\2014_DTsc_ELM_corrige.pdf
04.02.2025 20:42:43 : Extraction : C:\Downloaded Web Sites\github_old_cfc\oldcfc\pdf_files\2014_DTsc_ELM_donnee.pdf
04.02.2025 20:42:43 : Extraction : C:\Downloaded Web Sites\github_old_cfc\oldcfc\pdf_files\2014_DTsc_IEL_corrige.pdf
04.02.2025 20:42:44 : Extraction : C:\Downloaded Web Sites\github_old_cfc\oldcfc\pdf_files\2014_DTsc_IEL_donnee.pdf
04.02.2025 20:42:44 : Extraction : C:\Downloaded Web Sites\github_old_cfc\oldcfc\pdf_files\2014_DT_PELE_corrige.pdf
04.02.2025 20:42:45 : Extraction : C:\Downloaded Web Sites\github_old_cfc\oldcfc\pdf_files\2014_DT_PELE_donnee.pdf
04.02.2025 20:42:45 : Extraction : C:\Downloaded Web Sites\github_old_cfc\oldcfc\pdf_files\2014_DT_TLM_corrige.pdf
04.02.2025 20:42:46 : Extraction : C:\Downloaded Web Sites\github_old_cfc\oldcfc\pdf_files\2014_DT_TLM_donnee.pdf
04.02.2025 20:42:46 : Extraction : C:\Downloaded Web Sites\github_old_cfc\oldcfc\pdf_files\2014_TC_IEL_corrige.pdf
04.02.2025 20:42:47 : Extraction : C:\Downloaded Web Sites\github_old_cfc\oldcfc\pdf_files\2014_TC_IEL_donnee.pdf
04.02.2025 20:42:47 : Extraction : C:\Downloaded Web Sites\github_old_cfc\oldcfc\pdf_files\2014_TC_PELE_corrige.pdf
04.02.2025 20:42:47 : Extraction : C:\Downloaded Web Sites\github_old_cfc\oldcfc\pdf_files\2014_TC_PELE_donnee.pdf
04.02.2025 20:42:48 : Extraction : C:\Downloaded Web Sites\github_old_cfc\oldcfc\pdf_files\2014_TR_TLM_corrige.pdf
04.02.2025 20:42:49 : Extraction : C:\Downloaded Web Sites\github_old_cfc\oldcfc\pdf_files\2014_TR_TLM_donnee.pdf
04.02.2025 20:42:50 : Extraction : C:\Downloaded Web Sites\github_old_cfc\oldcfc\pdf_files\2014_TS_ELM_corrige.pdf
04.02.2025 20:42:50 : Extraction : C:\Downloaded Web Sites\github_old_cfc\oldcfc\pdf_files\2014_TS_ELM_donnee.pdf
04.02.2025 20:42:50 : Extraction : C:\Downloaded Web Sites\github_old_cfc\oldcfc\pdf_files\2014_TS_IEL_corrige.pdf
04.02.2025 20:42:51 : Extraction : C:\Downloaded Web Sites\github_old_cfc\oldcfc\pdf_files\2014_TS_IEL_donnee.pdf
04.02.2025 20:42:51 : Extraction : C:\Downloaded Web Sites\github_old_cfc\oldcfc\pdf_files\2014_TS_PELE_corrige.pdf
04.02.2025 20:42:52 : Extraction : C:\Downloaded Web Sites\github_old_cfc\oldcfc\pdf_files\2014_TS_PELE_donnee.pdf
04.02.2025 20:42:53 : Extraction : C:\Downloaded Web Sites\github_old_cfc\oldcfc\pdf_files\2014_TS_TLM_corrige.pdf
04.02.2025 20:42:53 : Extraction : C:\Downloaded Web Sites\github_old_cfc\oldcfc\pdf_files\2014_TS_TLM_donnee.pdf
04.02.2025 20:42:54 : Extraction : C:\Downloaded Web Sites\github_old_cfc\oldcfc\pdf_files\2015_BT_ELM_corrige.pdf
04.02.2025 20:42:54 : Extraction : C:\Downloaded Web Sites\github_old_cfc\oldcfc\pdf_files\2015_BT_ELM_donnee.pdf
04.02.2025 20:42:54 : Extraction : C:\Downloaded Web Sites\github_old_cfc\oldcfc\pdf_files\2015_BT_IEL_corrige.pdf
04.02.2025 20:42:54 : Extraction : C:\Downloaded Web Sites\github_old_cfc\oldcfc\pdf_files\2015_BT_IEL_donnee.pdf
04.02.2025 20:42:54 : Extraction : C:\Downloaded Web Sites\github_old_cfc\oldcfc\pdf_files\2015_BT_PELE_corrige.pdf
04.02.2025 20:42:55 : Extraction : C:\Downloaded Web Sites\github_old_cfc\oldcfc\pdf_files\2015_BT_PELE_donnee.pdf
04.02.2025 20:42:55 : Extraction : C:\Downloaded Web Sites\github_old_cfc\oldcfc\pdf_files\2015_BT_TLM_corrige.pdf
04.02.2025 20:42:55 : Extraction : C:\Downloaded Web Sites\github_old_cfc\oldcfc\pdf_files\2015_BT_TLM_donnee.pdf
04.02.2025 20:42:56 : Extraction : C:\Downloaded Web Sites\github_old_cfc\oldcfc\pdf_files\2015_DTno_ELM_corrige.pdf
04.02.2025 20:42:56 : Extraction : C:\Downloaded Web Sites\github_old_cfc\oldcfc\pdf_files\2015_DTno_ELM_donnee.pdf
04.02.2025 20:42:56 : Extraction : C:\Downloaded Web Sites\github_old_cfc\oldcfc\pdf_files\2015_DTno_IEL_corrige.pdf
04.02.2025 20:42:56 : Extraction : C:\Downloaded Web Sites\github_old_cfc\oldcfc\pdf_files\2015_DTno_IEL_donnee.pdf
04.02.2025 20:42:57 : Extraction : C:\Downloaded Web Sites\github_old_cfc\oldcfc\pdf_files\2015_DTpl_ELM_corrige.pdf
04.02.2025 20:42:57 : Extraction : C:\Downloaded Web Sites\github_old_cfc\oldcfc\pdf_files\2015_DTpl_ELM_donnee.pdf
04.02.2025 20:42:57 : Extraction : C:\Downloaded Web Sites\github_old_cfc\oldcfc\pdf_files\2015_DTpl_IEL_corrige.pdf
04.02.2025 20:42:57 : Extraction : C:\Downloaded Web Sites\github_old_cfc\oldcfc\pdf_files\2015_DTpl_IEL_donnee.pdf
04.02.2025 20:42:58 : Extraction : C:\Downloaded Web Sites\github_old_cfc\oldcfc\pdf_files\2015_DTsc_ELM_corrige.pdf
04.02.2025 20:42:58 : Extraction : C:\Downloaded Web Sites\github_old_cfc\oldcfc\pdf_files\2015_DTsc_ELM_donnee.pdf
04.02.2025 20:42:58 : Extraction : C:\Downloaded Web Sites\github_old_cfc\oldcfc\pdf_files\2015_DTsc_IEL_corrige.pdf
04.02.2025 20:42:59 : Extraction : C:\Downloaded Web Sites\github_old_cfc\oldcfc\pdf_files\2015_DTsc_IEL_donnee.pdf
04.02.2025 20:42:59 : Extraction : C:\Downloaded Web Sites\github_old_cfc\oldcfc\pdf_files\2015_DT_PELE_corrige.pdf
04.02.2025 20:43:00 : Extraction : C:\Downloaded Web Sites\github_old_cfc\oldcfc\pdf_files\2015_DT_PELE_donnee.pdf
04.02.2025 20:43:00 : Extraction : C:\Downloaded Web Sites\github_old_cfc\oldcfc\pdf_files\2015_DT_TLM_corrige.pdf
04.02.2025 20:43:01 : Extraction : C:\Downloaded Web Sites\github_old_cfc\oldcfc\pdf_files\2015_DT_TLM_donnee.pdf
04.02.2025 20:43:01 : Extraction : C:\Downloaded Web Sites\github_old_cfc\oldcfc\pdf_files\2015_TC_IEL_corrige.pdf
04.02.2025 20:43:02 : Extraction : C:\Downloaded Web Sites\github_old_cfc\oldcfc\pdf_files\2015_TC_IEL_donnee.pdf
04.02.2025 20:43:02 : Extraction : C:\Downloaded Web Sites\github_old_cfc\oldcfc\pdf_files\2015_TC_PELE_corrige.pdf
04.02.2025 20:43:02 : Extraction : C:\Downloaded Web Sites\github_old_cfc\oldcfc\pdf_files\2015_TC_PELE_donnee.pdf
04.02.2025 20:43:02 : Extraction : C:\Downloaded Web Sites\github_old_cfc\oldcfc\pdf_files\2015_TR_TLM_corrige.pdf
04.02.2025 20:43:03 : Extraction : C:\Downloaded Web Sites\github_old_cfc\oldcfc\pdf_files\2015_TR_TLM_donnee.pdf
04.02.2025 20:43:04 : Extraction : C:\Downloaded Web Sites\github_old_cfc\oldcfc\pdf_files\2015_TS_ELM_corrige.pdf
04.02.2025 20:43:04 : Extraction : C:\Downloaded Web Sites\github_old_cfc\oldcfc\pdf_files\2015_TS_ELM_donnee.pdf
04.02.2025 20:43:04 : Extraction : C:\Downloaded Web Sites\github_old_cfc\oldcfc\pdf_files\2015_TS_IEL_corrige.pdf
04.02.2025 20:43:05 : Extraction : C:\Downloaded Web Sites\github_old_cfc\oldcfc\pdf_files\2015_TS_IEL_donnee.pdf
04.02.2025 20:43:05 : Extraction : C:\Downloaded Web Sites\github_old_cfc\oldcfc\pdf_files\2015_TS_PELE_corrige.pdf
04.02.2025 20:43:06 : Extraction : C:\Downloaded Web Sites\github_old_cfc\oldcfc\pdf_files\2015_TS_PELE_donnee.pdf
04.02.2025 20:43:06 : Extraction : C:\Downloaded Web Sites\github_old_cfc\oldcfc\pdf_files\2015_TS_TLM_corrige.pdf
04.02.2025 20:43:07 : Extraction : C:\Downloaded Web Sites\github_old_cfc\oldcfc\pdf_files\2015_TS_TLM_donnee.pdf
04.02.2025 20:43:07 : Extraction : C:\Downloaded Web Sites\github_old_cfc\oldcfc\pdf_files\2015_zero_DTno_ELM_corrige.pdf
04.02.2025 20:43:07 : Extraction : C:\Downloaded Web Sites\github_old_cfc\oldcfc\pdf_files\2015_zero_DTno_ELM_donnee.pdf
04.02.2025 20:43:08 : Extraction : C:\Downloaded Web Sites\github_old_cfc\oldcfc\pdf_files\2015_zero_DTno_IEL_corrige.pdf
04.02.2025 20:43:08 : Extraction : C:\Downloaded Web Sites\github_old_cfc\oldcfc\pdf_files\2015_zero_DTno_IEL_donnee.pdf
04.02.2025 20:43:08 : Extraction : C:\Downloaded Web Sites\github_old_cfc\oldcfc\pdf_files\2015_zero_DTpl_ELM_corrige.pdf
04.02.2025 20:43:09 : Extraction : C:\Downloaded Web Sites\github_old_cfc\oldcfc\pdf_files\2015_zero_DTpl_ELM_donnee.pdf
04.02.2025 20:43:09 : Extraction : C:\Downloaded Web Sites\github_old_cfc\oldcfc\pdf_files\2015_zero_DTpl_IEL_corrige.pdf
04.02.2025 20:43:09 : Extraction : C:\Downloaded Web Sites\github_old_cfc\oldcfc\pdf_files\2015_zero_DTpl_IEL_donnee.pdf
04.02.2025 20:43:10 : Extraction : C:\Downloaded Web Sites\github_old_cfc\oldcfc\pdf_files\2015_zero_DTsc_ELM_corrige.pdf
04.02.2025 20:43:10 : Extraction : C:\Downloaded Web Sites\github_old_cfc\oldcfc\pdf_files\2015_zero_DTsc_ELM_donnee.pdf
04.02.2025 20:43:11 : Extraction : C:\Downloaded Web Sites\github_old_cfc\oldcfc\pdf_files\2015_zero_DTsc_IEL_corrige.pdf
04.02.2025 20:43:11 : Extraction : C:\Downloaded Web Sites\github_old_cfc\oldcfc\pdf_files\2015_zero_DTsc_IEL_donnee.pdf
04.02.2025 20:43:11 : Extraction : C:\Downloaded Web Sites\github_old_cfc\oldcfc\pdf_files\2015_zero_DT_PELE_corrige.pdf
04.02.2025 20:43:12 : Extraction : C:\Downloaded Web Sites\github_old_cfc\oldcfc\pdf_files\2015_zero_DT_PELE_donnee.pdf
04.02.2025 20:43:12 : Extraction : C:\Downloaded Web Sites\github_old_cfc\oldcfc\pdf_files\2015_zero_DT_TLM_corrige.pdf
04.02.2025 20:43:14 : Extraction : C:\Downloaded Web Sites\github_old_cfc\oldcfc\pdf_files\2015_zero_DT_TLM_donnee.pdf
04.02.2025 20:43:15 : Extraction : C:\Downloaded Web Sites\github_old_cfc\oldcfc\pdf_files\2015_zero_TC_IEL_corrige.pdf
04.02.2025 20:43:15 : Extraction : C:\Downloaded Web Sites\github_old_cfc\oldcfc\pdf_files\2015_zero_TC_IEL_donnee.pdf
04.02.2025 20:43:15 : Extraction : C:\Downloaded Web Sites\github_old_cfc\oldcfc\pdf_files\2015_zero_TC_PELE_corrige.pdf
04.02.2025 20:43:16 : Extraction : C:\Downloaded Web Sites\github_old_cfc\oldcfc\pdf_files\2015_zero_TC_PELE_donnee.pdf
04.02.2025 20:43:16 : Extraction : C:\Downloaded Web Sites\github_old_cfc\oldcfc\pdf_files\2015_zero_TR_TLM_corrige.pdf
04.02.2025 20:43:17 : Extraction : C:\Downloaded Web Sites\github_old_cfc\oldcfc\pdf_files\2015_zero_TR_TLM_donnee.pdf
04.02.2025 20:43:18 : Extraction : C:\Downloaded Web Sites\github_old_cfc\oldcfc\pdf_files\2015_zero_TS_ELM_corrige.pdf
04.02.2025 20:43:18 : Extraction : C:\Downloaded Web Sites\github_old_cfc\oldcfc\pdf_files\2015_zero_TS_ELM_donnee.pdf
04.02.2025 20:43:19 : Extraction : C:\Downloaded Web Sites\github_old_cfc\oldcfc\pdf_files\2015_zero_TS_IEL_corrige.pdf
04.02.2025 20:43:19 : Extraction : C:\Downloaded Web Sites\github_old_cfc\oldcfc\pdf_files\2015_zero_TS_IEL_donnee.pdf
04.02.2025 20:43:20 : Extraction : C:\Downloaded Web Sites\github_old_cfc\oldcfc\pdf_files\2015_zero_TS_PELE_corrige.pdf
04.02.2025 20:43:21 : Extraction : C:\Downloaded Web Sites\github_old_cfc\oldcfc\pdf_files\2015_zero_TS_PELE_donnee.pdf
04.02.2025 20:43:21 : Extraction : C:\Downloaded Web Sites\github_old_cfc\oldcfc\pdf_files\2015_zero_TS_TLM_corrige.pdf
04.02.2025 20:43:22 : Extraction : C:\Downloaded Web Sites\github_old_cfc\oldcfc\pdf_files\2015_zero_TS_TLM_donnee.pdf
04.02.2025 20:43:23 : Extraction : C:\Downloaded Web Sites\github_old_cfc\oldcfc\pdf_files\2016_BT_ELM_corrige.pdf
04.02.2025 20:43:23 : Extraction : C:\Downloaded Web Sites\github_old_cfc\oldcfc\pdf_files\2016_BT_ELM_donnee.pdf
04.02.2025 20:43:23 : Extraction : C:\Downloaded Web Sites\github_old_cfc\oldcfc\pdf_files\2016_BT_IEL_corrige.pdf
04.02.2025 20:43:23 : Extraction : C:\Downloaded Web Sites\github_old_cfc\oldcfc\pdf_files\2016_BT_IEL_donnee.pdf
04.02.2025 20:43:24 : Extraction : C:\Downloaded Web Sites\github_old_cfc\oldcfc\pdf_files\2016_BT_PELE_corrige.pdf
04.02.2025 20:43:24 : Extraction : C:\Downloaded Web Sites\github_old_cfc\oldcfc\pdf_files\2016_BT_PELE_donnee.pdf
04.02.2025 20:43:24 : Extraction : C:\Downloaded Web Sites\github_old_cfc\oldcfc\pdf_files\2016_BT_TLM_corrige.pdf
04.02.2025 20:43:25 : Extraction : C:\Downloaded Web Sites\github_old_cfc\oldcfc\pdf_files\2016_BT_TLM_donnee.pdf
04.02.2025 20:43:25 : Extraction : C:\Downloaded Web Sites\github_old_cfc\oldcfc\pdf_files\2016_DTno_ELM_corrige.pdf
04.02.2025 20:43:25 : Extraction : C:\Downloaded Web Sites\github_old_cfc\oldcfc\pdf_files\2016_DTno_ELM_donnee.pdf
04.02.2025 20:43:26 : Extraction : C:\Downloaded Web Sites\github_old_cfc\oldcfc\pdf_files\2016_DTno_IEL_corrige.pdf
04.02.2025 20:43:26 : Extraction : C:\Downloaded Web Sites\github_old_cfc\oldcfc\pdf_files\2016_DTno_IEL_donnee.pdf
04.02.2025 20:43:26 : Extraction : C:\Downloaded Web Sites\github_old_cfc\oldcfc\pdf_files\2016_DTpl_ELM_corrige.pdf
04.02.2025 20:43:26 : Extraction : C:\Downloaded Web Sites\github_old_cfc\oldcfc\pdf_files\2016_DTpl_ELM_donnee.pdf
04.02.2025 20:43:27 : Extraction : C:\Downloaded Web Sites\github_old_cfc\oldcfc\pdf_files\2016_DTpl_IEL_corrige.pdf
04.02.2025 20:43:27 : Extraction : C:\Downloaded Web Sites\github_old_cfc\oldcfc\pdf_files\2016_DTpl_IEL_donnee.pdf
04.02.2025 20:43:28 : Extraction : C:\Downloaded Web Sites\github_old_cfc\oldcfc\pdf_files\2016_DTsc_ELM_corrige.pdf
04.02.2025 20:43:28 : Extraction : C:\Downloaded Web Sites\github_old_cfc\oldcfc\pdf_files\2016_DTsc_ELM_donnee.pdf
04.02.2025 20:43:28 : Extraction : C:\Downloaded Web Sites\github_old_cfc\oldcfc\pdf_files\2016_DTsc_IEL_corrige.pdf
04.02.2025 20:43:28 : Extraction : C:\Downloaded Web Sites\github_old_cfc\oldcfc\pdf_files\2016_DTsc_IEL_donnee.pdf
04.02.2025 20:43:29 : Extraction : C:\Downloaded Web Sites\github_old_cfc\oldcfc\pdf_files\2016_DT_PELE_corrige.pdf
04.02.2025 20:43:29 : Extraction : C:\Downloaded Web Sites\github_old_cfc\oldcfc\pdf_files\2016_DT_PELE_donnee.pdf
04.02.2025 20:43:29 : Extraction : C:\Downloaded Web Sites\github_old_cfc\oldcfc\pdf_files\2016_DT_TLM_corrige.pdf
04.02.2025 20:43:30 : Extraction : C:\Downloaded Web Sites\github_old_cfc\oldcfc\pdf_files\2016_DT_TLM_donnee.pdf
04.02.2025 20:43:31 : Extraction : C:\Downloaded Web Sites\github_old_cfc\oldcfc\pdf_files\2016_TC_IEL_corrige.pdf
04.02.2025 20:43:31 : Extraction : C:\Downloaded Web Sites\github_old_cfc\oldcfc\pdf_files\2016_TC_IEL_donnee.pdf
04.02.2025 20:43:32 : Extraction : C:\Downloaded Web Sites\github_old_cfc\oldcfc\pdf_files\2016_TC_PELE_corrige.pdf
04.02.2025 20:43:32 : Extraction : C:\Downloaded Web Sites\github_old_cfc\oldcfc\pdf_files\2016_TC_PELE_donnee.pdf
04.02.2025 20:43:32 : Extraction : C:\Downloaded Web Sites\github_old_cfc\oldcfc\pdf_files\2016_TR_TLM_corrige.pdf
04.02.2025 20:43:33 : Extraction : C:\Downloaded Web Sites\github_old_cfc\oldcfc\pdf_files\2016_TR_TLM_donnee.pdf
04.02.2025 20:43:34 : Extraction : C:\Downloaded Web Sites\github_old_cfc\oldcfc\pdf_files\2016_TS_ELM_corrige.pdf
04.02.2025 20:43:35 : Extraction : C:\Downloaded Web Sites\github_old_cfc\oldcfc\pdf_files\2016_TS_ELM_donnee.pdf
04.02.2025 20:43:35 : Extraction : C:\Downloaded Web Sites\github_old_cfc\oldcfc\pdf_files\2016_TS_IEL_corrige.pdf
04.02.2025 20:43:35 : Extraction : C:\Downloaded Web Sites\github_old_cfc\oldcfc\pdf_files\2016_TS_IEL_donnee.pdf
04.02.2025 20:43:36 : Extraction : C:\Downloaded Web Sites\github_old_cfc\oldcfc\pdf_files\2016_TS_PELE_corrige.pdf
04.02.2025 20:43:37 : Extraction : C:\Downloaded Web Sites\github_old_cfc\oldcfc\pdf_files\2016_TS_PELE_donnee.pdf
04.02.2025 20:43:37 : Extraction : C:\Downloaded Web Sites\github_old_cfc\oldcfc\pdf_files\2016_TS_TLM_corrige.pdf
04.02.2025 20:43:38 : Extraction : C:\Downloaded Web Sites\github_old_cfc\oldcfc\pdf_files\2016_TS_TLM_donnee.pdf
04.02.2025 20:43:38 : Extraction : C:\Downloaded Web Sites\github_old_cfc\oldcfc\pdf_files\2017_BT_ELM_corrige.pdf
04.02.2025 20:43:39 : Extraction : C:\Downloaded Web Sites\github_old_cfc\oldcfc\pdf_files\2017_BT_ELM_donnee.pdf
04.02.2025 20:43:39 : Extraction : C:\Downloaded Web Sites\github_old_cfc\oldcfc\pdf_files\2017_BT_IEL_corrige.pdf
04.02.2025 20:43:39 : Extraction : C:\Downloaded Web Sites\github_old_cfc\oldcfc\pdf_files\2017_BT_IEL_donnee.pdf
04.02.2025 20:43:39 : Extraction : C:\Downloaded Web Sites\github_old_cfc\oldcfc\pdf_files\2017_BT_PELE_corrige.pdf
04.02.2025 20:43:40 : Extraction : C:\Downloaded Web Sites\github_old_cfc\oldcfc\pdf_files\2017_BT_PELE_donnee.pdf
04.02.2025 20:43:40 : Extraction : C:\Downloaded Web Sites\github_old_cfc\oldcfc\pdf_files\2017_BT_TLM_corrige.pdf
04.02.2025 20:43:40 : Extraction : C:\Downloaded Web Sites\github_old_cfc\oldcfc\pdf_files\2017_BT_TLM_donnee.pdf
04.02.2025 20:43:41 : Extraction : C:\Downloaded Web Sites\github_old_cfc\oldcfc\pdf_files\2017_DTno_ELM_corrige.pdf
04.02.2025 20:43:41 : Extraction : C:\Downloaded Web Sites\github_old_cfc\oldcfc\pdf_files\2017_DTno_ELM_donnee.pdf
04.02.2025 20:43:41 : Extraction : C:\Downloaded Web Sites\github_old_cfc\oldcfc\pdf_files\2017_DTno_IEL_corrige.pdf
04.02.2025 20:43:42 : Extraction : C:\Downloaded Web Sites\github_old_cfc\oldcfc\pdf_files\2017_DTno_IEL_donnee.pdf
04.02.2025 20:43:42 : Extraction : C:\Downloaded Web Sites\github_old_cfc\oldcfc\pdf_files\2017_DTpl_ELM_corrige.pdf
04.02.2025 20:43:42 : Extraction : C:\Downloaded Web Sites\github_old_cfc\oldcfc\pdf_files\2017_DTpl_ELM_donnee.pdf
04.02.2025 20:43:43 : Extraction : C:\Downloaded Web Sites\github_old_cfc\oldcfc\pdf_files\2017_DTpl_IEL_corrige.pdf
04.02.2025 20:43:43 : Extraction : C:\Downloaded Web Sites\github_old_cfc\oldcfc\pdf_files\2017_DTpl_IEL_donnee.pdf
04.02.2025 20:43:44 : Extraction : C:\Downloaded Web Sites\github_old_cfc\oldcfc\pdf_files\2017_DTsc_ELM_corrige.pdf
04.02.2025 20:43:44 : Extraction : C:\Downloaded Web Sites\github_old_cfc\oldcfc\pdf_files\2017_DTsc_ELM_donnee.pdf
04.02.2025 20:43:44 : Extraction : C:\Downloaded Web Sites\github_old_cfc\oldcfc\pdf_files\2017_DTsc_IEL_corrige.pdf
04.02.2025 20:43:45 : Extraction : C:\Downloaded Web Sites\github_old_cfc\oldcfc\pdf_files\2017_DTsc_IEL_donnee.pdf
04.02.2025 20:43:45 : Extraction : C:\Downloaded Web Sites\github_old_cfc\oldcfc\pdf_files\2017_DT_PELE_corrige.pdf
04.02.2025 20:43:45 : Extraction : C:\Downloaded Web Sites\github_old_cfc\oldcfc\pdf_files\2017_DT_PELE_donnee.pdf
04.02.2025 20:43:46 : Extraction : C:\Downloaded Web Sites\github_old_cfc\oldcfc\pdf_files\2017_DT_TLM_corrige.pdf
04.02.2025 20:43:47 : Extraction : C:\Downloaded Web Sites\github_old_cfc\oldcfc\pdf_files\2017_DT_TLM_donnee.pdf
04.02.2025 20:43:48 : Extraction : C:\Downloaded Web Sites\github_old_cfc\oldcfc\pdf_files\2017_TC_IEL_corrige.pdf
04.02.2025 20:43:48 : Extraction : C:\Downloaded Web Sites\github_old_cfc\oldcfc\pdf_files\2017_TC_IEL_donnee.pdf
04.02.2025 20:43:48 : Extraction : C:\Downloaded Web Sites\github_old_cfc\oldcfc\pdf_files\2017_TC_PELE_corrige.pdf
04.02.2025 20:43:49 : Extraction : C:\Downloaded Web Sites\github_old_cfc\oldcfc\pdf_files\2017_TC_PELE_donnee.pdf
04.02.2025 20:43:49 : Extraction : C:\Downloaded Web Sites\github_old_cfc\oldcfc\pdf_files\2017_TR_TLM_corrige.pdf
04.02.2025 20:43:50 : Extraction : C:\Downloaded Web Sites\github_old_cfc\oldcfc\pdf_files\2017_TR_TLM_donnee.pdf
04.02.2025 20:43:51 : Extraction : C:\Downloaded Web Sites\github_old_cfc\oldcfc\pdf_files\2017_TS_ELM_corrige.pdf
04.02.2025 20:43:51 : Extraction : C:\Downloaded Web Sites\github_old_cfc\oldcfc\pdf_files\2017_TS_ELM_donnee.pdf
04.02.2025 20:43:52 : Extraction : C:\Downloaded Web Sites\github_old_cfc\oldcfc\pdf_files\2017_TS_IEL_corrige.pdf
04.02.2025 20:43:52 : Extraction : C:\Downloaded Web Sites\github_old_cfc\oldcfc\pdf_files\2017_TS_IEL_donnee.pdf
04.02.2025 20:43:53 : Extraction : C:\Downloaded Web Sites\github_old_cfc\oldcfc\pdf_files\2017_TS_PELE_corrige.pdf
04.02.2025 20:43:53 : Extraction : C:\Downloaded Web Sites\github_old_cfc\oldcfc\pdf_files\2017_TS_PELE_donnee.pdf
04.02.2025 20:43:54 : Extraction : C:\Downloaded Web Sites\github_old_cfc\oldcfc\pdf_files\2017_TS_TLM_corrige.pdf
04.02.2025 20:43:54 : Extraction : C:\Downloaded Web Sites\github_old_cfc\oldcfc\pdf_files\2017_TS_TLM_donnee.pdf
04.02.2025 20:43:55 : Extraction : C:\Downloaded Web Sites\github_old_cfc\oldcfc\pdf_files\2018_BT_IEL_corrige.pdf
04.02.2025 20:43:55 : Extraction : C:\Downloaded Web Sites\github_old_cfc\oldcfc\pdf_files\2018_BT_IEL_donnee.pdf
04.02.2025 20:43:55 : Extraction : C:\Downloaded Web Sites\github_old_cfc\oldcfc\pdf_files\2018_BT_PELE_corrige.pdf
04.02.2025 20:43:55 : Extraction : C:\Downloaded Web Sites\github_old_cfc\oldcfc\pdf_files\2018_BT_PELE_donnee.pdf
04.02.2025 20:43:55 : Extraction : C:\Downloaded Web Sites\github_old_cfc\oldcfc\pdf_files\2018_BT_TLM_corrige.pdf
04.02.2025 20:43:56 : Extraction : C:\Downloaded Web Sites\github_old_cfc\oldcfc\pdf_files\2018_BT_TLM_donnee.pdf
04.02.2025 20:43:56 : Extraction : C:\Downloaded Web Sites\github_old_cfc\oldcfc\pdf_files\2018_DTno_ELM_corrige.pdf
04.02.2025 20:43:56 : Extraction : C:\Downloaded Web Sites\github_old_cfc\oldcfc\pdf_files\2018_DTno_ELM_donnee.pdf
04.02.2025 20:43:57 : Extraction : C:\Downloaded Web Sites\github_old_cfc\oldcfc\pdf_files\2018_DTno_IEL_corrige.pdf
04.02.2025 20:43:57 : Extraction : C:\Downloaded Web Sites\github_old_cfc\oldcfc\pdf_files\2018_DTno_IEL_donnee.pdf
04.02.2025 20:43:57 : Extraction : C:\Downloaded Web Sites\github_old_cfc\oldcfc\pdf_files\2018_DTpl_ELM_corrige.pdf
04.02.2025 20:43:57 : Extraction : C:\Downloaded Web Sites\github_old_cfc\oldcfc\pdf_files\2018_DTpl_ELM_donnee.pdf
04.02.2025 20:43:57 : Extraction : C:\Downloaded Web Sites\github_old_cfc\oldcfc\pdf_files\2018_DTpl_IEL_corrige.pdf
04.02.2025 20:43:58 : Extraction : C:\Downloaded Web Sites\github_old_cfc\oldcfc\pdf_files\2018_DTpl_IEL_donnee.pdf
04.02.2025 20:43:58 : Extraction : C:\Downloaded Web Sites\github_old_cfc\oldcfc\pdf_files\2018_DTsc_ELM_corrige.pdf
04.02.2025 20:43:58 : Extraction : C:\Downloaded Web Sites\github_old_cfc\oldcfc\pdf_files\2018_DTsc_ELM_donnee.pdf
04.02.2025 20:43:59 : Extraction : C:\Downloaded Web Sites\github_old_cfc\oldcfc\pdf_files\2018_DTsc_IEL_corrige.pdf
04.02.2025 20:43:59 : Extraction : C:\Downloaded Web Sites\github_old_cfc\oldcfc\pdf_files\2018_DTsc_IEL_donnee.pdf
04.02.2025 20:44:00 : Extraction : C:\Downloaded Web Sites\github_old_cfc\oldcfc\pdf_files\2018_DT_PELE_corrige.pdf
04.02.2025 20:44:00 : Extraction : C:\Downloaded Web Sites\github_old_cfc\oldcfc\pdf_files\2018_DT_PELE_donnee.pdf
04.02.2025 20:44:00 : Extraction : C:\Downloaded Web Sites\github_old_cfc\oldcfc\pdf_files\2018_DT_TLM_corrige.pdf
04.02.2025 20:44:01 : Extraction : C:\Downloaded Web Sites\github_old_cfc\oldcfc\pdf_files\2018_DT_TLM_donnee.pdf
04.02.2025 20:44:02 : Extraction : C:\Downloaded Web Sites\github_old_cfc\oldcfc\pdf_files\2018_TC_IEL_corrige.pdf
04.02.2025 20:44:02 : Extraction : C:\Downloaded Web Sites\github_old_cfc\oldcfc\pdf_files\2018_TC_IEL_donnee.pdf
04.02.2025 20:44:02 : Extraction : C:\Downloaded Web Sites\github_old_cfc\oldcfc\pdf_files\2018_TC_PELE_corrige.pdf
04.02.2025 20:44:03 : Extraction : C:\Downloaded Web Sites\github_old_cfc\oldcfc\pdf_files\2018_TC_PELE_donnee.pdf
04.02.2025 20:44:03 : Extraction : C:\Downloaded Web Sites\github_old_cfc\oldcfc\pdf_files\2018_TR_TLM_corrige.pdf
04.02.2025 20:44:04 : Extraction : C:\Downloaded Web Sites\github_old_cfc\oldcfc\pdf_files\2018_TR_TLM_donnee.pdf
04.02.2025 20:44:04 : Extraction : C:\Downloaded Web Sites\github_old_cfc\oldcfc\pdf_files\2018_TS_ELM_corrige.pdf
04.02.2025 20:44:05 : Extraction : C:\Downloaded Web Sites\github_old_cfc\oldcfc\pdf_files\2018_TS_ELM_donnee.pdf
04.02.2025 20:44:05 : Extraction : C:\Downloaded Web Sites\github_old_cfc\oldcfc\pdf_files\2018_TS_IEL_corrige.pdf
04.02.2025 20:44:05 : Extraction : C:\Downloaded Web Sites\github_old_cfc\oldcfc\pdf_files\2018_TS_IEL_donnee.pdf
04.02.2025 20:44:06 : Extraction : C:\Downloaded Web Sites\github_old_cfc\oldcfc\pdf_files\2018_TS_PELE_corrige.pdf
04.02.2025 20:44:06 : Extraction : C:\Downloaded Web Sites\github_old_cfc\oldcfc\pdf_files\2018_TS_PELE_donnee.pdf
04.02.2025 20:44:06 : Extraction : C:\Downloaded Web Sites\github_old_cfc\oldcfc\pdf_files\2018_TS_TLM_corrige.pdf
04.02.2025 20:44:07 : Extraction : C:\Downloaded Web Sites\github_old_cfc\oldcfc\pdf_files\2018_TS_TLM_donnee.pdf
04.02.2025 20:44:07 : Extraction : C:\Downloaded Web Sites\github_old_cfc\oldcfc\pdf_files\2019_DTno_ELM_corrige.pdf
04.02.2025 20:44:07 : Extraction : C:\Downloaded Web Sites\github_old_cfc\oldcfc\pdf_files\2019_DTno_ELM_donnee.pdf
04.02.2025 20:44:08 : Extraction : C:\Downloaded Web Sites\github_old_cfc\oldcfc\pdf_files\2019_DTno_IEL_corrige.pdf
04.02.2025 20:44:08 : Extraction : C:\Downloaded Web Sites\github_old_cfc\oldcfc\pdf_files\2019_DTno_IEL_donnee.pdf
04.02.2025 20:44:08 : Extraction : C:\Downloaded Web Sites\github_old_cfc\oldcfc\pdf_files\2019_DTpl_ELM_corrige.pdf
04.02.2025 20:44:08 : Extraction : C:\Downloaded Web Sites\github_old_cfc\oldcfc\pdf_files\2019_DTpl_ELM_donnee.pdf
04.02.2025 20:44:09 : Extraction : C:\Downloaded Web Sites\github_old_cfc\oldcfc\pdf_files\2019_DTpl_IEL_corrige.pdf
04.02.2025 20:44:09 : Extraction : C:\Downloaded Web Sites\github_old_cfc\oldcfc\pdf_files\2019_DTpl_IEL_donnee.pdf
04.02.2025 20:44:10 : Extraction : C:\Downloaded Web Sites\github_old_cfc\oldcfc\pdf_files\2019_DTsc_ELM_corrige.pdf
04.02.2025 20:44:10 : Extraction : C:\Downloaded Web Sites\github_old_cfc\oldcfc\pdf_files\2019_DTsc_ELM_donnee.pdf
04.02.2025 20:44:10 : Extraction : C:\Downloaded Web Sites\github_old_cfc\oldcfc\pdf_files\2019_DTsc_IEL_corrige.pdf
04.02.2025 20:44:10 : Extraction : C:\Downloaded Web Sites\github_old_cfc\oldcfc\pdf_files\2019_DTsc_IEL_donnee.pdf
04.02.2025 20:44:11 : Extraction : C:\Downloaded Web Sites\github_old_cfc\oldcfc\pdf_files\2019_DT_PELE_corrige.pdf
04.02.2025 20:44:11 : Extraction : C:\Downloaded Web Sites\github_old_cfc\oldcfc\pdf_files\2019_DT_PELE_donnee.pdf
04.02.2025 20:44:12 : Extraction : C:\Downloaded Web Sites\github_old_cfc\oldcfc\pdf_files\2019_DT_TLM_corrige.pdf
04.02.2025 20:44:13 : Extraction : C:\Downloaded Web Sites\github_old_cfc\oldcfc\pdf_files\2019_DT_TLM_donnee.pdf
04.02.2025 20:44:14 : Extraction : C:\Downloaded Web Sites\github_old_cfc\oldcfc\pdf_files\2019_TC_IEL_corrige.pdf
04.02.2025 20:44:15 : Extraction : C:\Downloaded Web Sites\github_old_cfc\oldcfc\pdf_files\2019_TC_IEL_donnee.pdf
04.02.2025 20:44:15 : Extraction : C:\Downloaded Web Sites\github_old_cfc\oldcfc\pdf_files\2019_TC_PELE_corrige.pdf
04.02.2025 20:44:15 : Extraction : C:\Downloaded Web Sites\github_old_cfc\oldcfc\pdf_files\2019_TC_PELE_donnee.pdf
04.02.2025 20:44:15 : Extraction : C:\Downloaded Web Sites\github_old_cfc\oldcfc\pdf_files\2019_TR_TLM_corrige.pdf
04.02.2025 20:44:17 : Extraction : C:\Downloaded Web Sites\github_old_cfc\oldcfc\pdf_files\2019_TR_TLM_donnee.pdf
04.02.2025 20:44:18 : Extraction : C:\Downloaded Web Sites\github_old_cfc\oldcfc\pdf_files\2019_TS_ELM_corrige.pdf
04.02.2025 20:44:18 : Extraction : C:\Downloaded Web Sites\github_old_cfc\oldcfc\pdf_files\2019_TS_ELM_donnee.pdf
04.02.2025 20:44:18 : Extraction : C:\Downloaded Web Sites\github_old_cfc\oldcfc\pdf_files\2019_TS_IEL_corrige.pdf
04.02.2025 20:44:19 : Extraction : C:\Downloaded Web Sites\github_old_cfc\oldcfc\pdf_files\2019_TS_IEL_donnee.pdf
04.02.2025 20:44:19 : Extraction : C:\Downloaded Web Sites\github_old_cfc\oldcfc\pdf_files\2019_TS_PELE_corrige.pdf
04.02.2025 20:44:20 : Extraction : C:\Downloaded Web Sites\github_old_cfc\oldcfc\pdf_files\2019_TS_PELE_donnee.pdf
04.02.2025 20:44:21 : Extraction : C:\Downloaded Web Sites\github_old_cfc\oldcfc\pdf_files\2019_TS_TLM_corrige.pdf
04.02.2025 20:44:21 : Extraction : C:\Downloaded Web Sites\github_old_cfc\oldcfc\pdf_files\2019_TS_TLM_donnee.pdf
04.02.2025 20:44:22 : Extraction : C:\Downloaded Web Sites\github_old_cfc\oldcfc\pdf_files\2021_DTno_ELM_corrige.pdf
04.02.2025 20:44:22 : Extraction : C:\Downloaded Web Sites\github_old_cfc\oldcfc\pdf_files\2021_DTno_ELM_donnee.pdf
04.02.2025 20:44:22 : Extraction : C:\Downloaded Web Sites\github_old_cfc\oldcfc\pdf_files\2021_DTno_IEL_corrige.pdf
04.02.2025 20:44:23 : Extraction : C:\Downloaded Web Sites\github_old_cfc\oldcfc\pdf_files\2021_DTno_IEL_donnee.pdf
04.02.2025 20:44:23 : Extraction : C:\Downloaded Web Sites\github_old_cfc\oldcfc\pdf_files\2021_DTpl_ELM_donnee.pdf
04.02.2025 20:44:23 : Extraction : C:\Downloaded Web Sites\github_old_cfc\oldcfc\pdf_files\2021_DTpl_IEL_corrige.pdf
04.02.2025 20:44:23 : Extraction : C:\Downloaded Web Sites\github_old_cfc\oldcfc\pdf_files\2021_DTpl_IEL_donnee.pdf
04.02.2025 20:44:24 : Extraction : C:\Downloaded Web Sites\github_old_cfc\oldcfc\pdf_files\2021_DTsc_ELM_corrige.pdf
04.02.2025 20:44:24 : Extraction : C:\Downloaded Web Sites\github_old_cfc\oldcfc\pdf_files\2021_DTsc_ELM_donnee.pdf
04.02.2025 20:44:24 : Extraction : C:\Downloaded Web Sites\github_old_cfc\oldcfc\pdf_files\2021_DTsc_IEL_corrige.pdf
04.02.2025 20:44:25 : Extraction : C:\Downloaded Web Sites\github_old_cfc\oldcfc\pdf_files\2021_DTsc_IEL_donnee.pdf
04.02.2025 20:44:25 : Extraction : C:\Downloaded Web Sites\github_old_cfc\oldcfc\pdf_files\2021_DT_PELE_corrige.pdf
04.02.2025 20:44:26 : Extraction : C:\Downloaded Web Sites\github_old_cfc\oldcfc\pdf_files\2021_DT_PELE_donnee.pdf
04.02.2025 20:44:26 : Extraction : C:\Downloaded Web Sites\github_old_cfc\oldcfc\pdf_files\2021_DT_TLM_corrige.pdf
04.02.2025 20:44:28 : Extraction : C:\Downloaded Web Sites\github_old_cfc\oldcfc\pdf_files\2021_DT_TLM_donnee.pdf
04.02.2025 20:44:29 : Extraction : C:\Downloaded Web Sites\github_old_cfc\oldcfc\pdf_files\2021_TC_IEL_corrige.pdf
04.02.2025 20:44:30 : Extraction : C:\Downloaded Web Sites\github_old_cfc\oldcfc\pdf_files\2021_TC_IEL_donnee.pdf
04.02.2025 20:44:30 : Extraction : C:\Downloaded Web Sites\github_old_cfc\oldcfc\pdf_files\2021_TC_PELE_corrige.pdf
04.02.2025 20:44:30 : Extraction : C:\Downloaded Web Sites\github_old_cfc\oldcfc\pdf_files\2021_TC_PELE_donnee.pdf
04.02.2025 20:44:31 : Extraction : C:\Downloaded Web Sites\github_old_cfc\oldcfc\pdf_files\2021_TR_TLM_corrige.pdf
04.02.2025 20:44:32 : Extraction : C:\Downloaded Web Sites\github_old_cfc\oldcfc\pdf_files\2021_TR_TLM_donnee.pdf
04.02.2025 20:44:33 : Extraction : C:\Downloaded Web Sites\github_old_cfc\oldcfc\pdf_files\2021_TS_IEL_corrige.pdf
04.02.2025 20:44:34 : Extraction : C:\Downloaded Web Sites\github_old_cfc\oldcfc\pdf_files\2021_TS_IEL_donnee.pdf
04.02.2025 20:44:34 : Extraction : C:\Downloaded Web Sites\github_old_cfc\oldcfc\pdf_files\2021_TS_PELE_corrige.pdf
04.02.2025 20:44:35 : Extraction : C:\Downloaded Web Sites\github_old_cfc\oldcfc\pdf_files\2021_TS_PELE_donnee.pdf
04.02.2025 20:44:36 : Extraction : C:\Downloaded Web Sites\github_old_cfc\oldcfc\pdf_files\2021_TS_TLM_corrige.pdf
04.02.2025 20:44:37 : Extraction : C:\Downloaded Web Sites\github_old_cfc\oldcfc\pdf_files\2021_TS_TLM_donnee.pdf
04.02.2025 20:44:37 : Extraction : C:\Downloaded Web Sites\github_old_cfc\oldcfc\pdf_files\2022_DTno_ELM_corrige.pdf
04.02.2025 20:44:38 : Extraction : C:\Downloaded Web Sites\github_old_cfc\oldcfc\pdf_files\2022_DTno_ELM_donnee.pdf
04.02.2025 20:44:38 : Extraction : C:\Downloaded Web Sites\github_old_cfc\oldcfc\pdf_files\2022_DTno_IEL_corrige.pdf
04.02.2025 20:44:38 : Extraction : C:\Downloaded Web Sites\github_old_cfc\oldcfc\pdf_files\2022_DTno_IEL_donnee.pdf
04.02.2025 20:44:39 : Extraction : C:\Downloaded Web Sites\github_old_cfc\oldcfc\pdf_files\2022_DTpl_ELM_corrige.pdf
04.02.2025 20:44:39 : Extraction : C:\Downloaded Web Sites\github_old_cfc\oldcfc\pdf_files\2022_DTpl_ELM_donnee.pdf
04.02.2025 20:44:40 : Extraction : C:\Downloaded Web Sites\github_old_cfc\oldcfc\pdf_files\2022_DTpl_IEL_corrige.pdf
04.02.2025 20:44:40 : Extraction : C:\Downloaded Web Sites\github_old_cfc\oldcfc\pdf_files\2022_DTpl_IEL_donnee.pdf
04.02.2025 20:44:41 : Extraction : C:\Downloaded Web Sites\github_old_cfc\oldcfc\pdf_files\2022_DTsc_ELM_corrige.pdf
04.02.2025 20:44:41 : Extraction : C:\Downloaded Web Sites\github_old_cfc\oldcfc\pdf_files\2022_DTsc_ELM_donnee.pdf
04.02.2025 20:44:42 : Extraction : C:\Downloaded Web Sites\github_old_cfc\oldcfc\pdf_files\2022_DTsc_IEL_corrige.pdf
04.02.2025 20:44:42 : Extraction : C:\Downloaded Web Sites\github_old_cfc\oldcfc\pdf_files\2022_DTsc_IEL_donnee.pdf
04.02.2025 20:44:42 : Extraction : C:\Downloaded Web Sites\github_old_cfc\oldcfc\pdf_files\2022_DT_PELE_corrige.pdf
04.02.2025 20:44:43 : Extraction : C:\Downloaded Web Sites\github_old_cfc\oldcfc\pdf_files\2022_DT_PELE_donnee.pdf
04.02.2025 20:44:43 : Extraction : C:\Downloaded Web Sites\github_old_cfc\oldcfc\pdf_files\2022_DT_TLM_corrige.pdf
04.02.2025 20:44:45 : Extraction : C:\Downloaded Web Sites\github_old_cfc\oldcfc\pdf_files\2022_DT_TLM_donnee.pdf
04.02.2025 20:44:47 : Extraction : C:\Downloaded Web Sites\github_old_cfc\oldcfc\pdf_files\2022_TC_IEL_corrige.pdf
04.02.2025 20:44:47 : Extraction : C:\Downloaded Web Sites\github_old_cfc\oldcfc\pdf_files\2022_TC_IEL_donnee.pdf
04.02.2025 20:44:47 : Extraction : C:\Downloaded Web Sites\github_old_cfc\oldcfc\pdf_files\2022_TC_PELE_corrige.pdf
04.02.2025 20:44:48 : Extraction : C:\Downloaded Web Sites\github_old_cfc\oldcfc\pdf_files\2022_TC_PELE_donnee.pdf
04.02.2025 20:44:48 : Extraction : C:\Downloaded Web Sites\github_old_cfc\oldcfc\pdf_files\2022_TR_TLM_corrige.pdf
04.02.2025 20:44:50 : Extraction : C:\Downloaded Web Sites\github_old_cfc\oldcfc\pdf_files\2022_TR_TLM_donnee.pdf
04.02.2025 20:44:51 : Extraction : C:\Downloaded Web Sites\github_old_cfc\oldcfc\pdf_files\2022_TS_ELM_corrige.pdf
04.02.2025 20:44:51 : Extraction : C:\Downloaded Web Sites\github_old_cfc\oldcfc\pdf_files\2022_TS_ELM_donnee.pdf
04.02.2025 20:44:52 : Extraction : C:\Downloaded Web Sites\github_old_cfc\oldcfc\pdf_files\2022_TS_IEL_corrige.pdf
04.02.2025 20:44:53 : Extraction : C:\Downloaded Web Sites\github_old_cfc\oldcfc\pdf_files\2022_TS_IEL_donnee.pdf
04.02.2025 20:44:53 : Extraction : C:\Downloaded Web Sites\github_old_cfc\oldcfc\pdf_files\2022_TS_PELE_corrige.pdf
04.02.2025 20:44:54 : Extraction : C:\Downloaded Web Sites\github_old_cfc\oldcfc\pdf_files\2022_TS_PELE_donnee.pdf
04.02.2025 20:44:55 : Extraction : C:\Downloaded Web Sites\github_old_cfc\oldcfc\pdf_files\2022_TS_TLM_corrige.pdf
04.02.2025 20:44:56 : Extraction : C:\Downloaded Web Sites\github_old_cfc\oldcfc\pdf_files\2022_TS_TLM_donnee.pdf
04.02.2025 20:44:56 : Extraction : C:\Downloaded Web Sites\github_old_cfc\oldcfc\pdf_files\2023_DTno_ELM_corrige.pdf
04.02.2025 20:44:57 : Extraction : C:\Downloaded Web Sites\github_old_cfc\oldcfc\pdf_files\2023_DTno_ELM_donnee.pdf
04.02.2025 20:44:57 : Extraction : C:\Downloaded Web Sites\github_old_cfc\oldcfc\pdf_files\2023_DTno_IEL_corrige.pdf
04.02.2025 20:44:57 : Extraction : C:\Downloaded Web Sites\github_old_cfc\oldcfc\pdf_files\2023_DTno_IEL_donnee.pdf
04.02.2025 20:44:58 : Extraction : C:\Downloaded Web Sites\github_old_cfc\oldcfc\pdf_files\2023_DTpl_ELM_corrige.pdf
04.02.2025 20:44:58 : Extraction : C:\Downloaded Web Sites\github_old_cfc\oldcfc\pdf_files\2023_DTpl_ELM_donnee.pdf
04.02.2025 20:44:58 : Extraction : C:\Downloaded Web Sites\github_old_cfc\oldcfc\pdf_files\2023_DTpl_IEL_corrige.pdf
04.02.2025 20:44:59 : Extraction : C:\Downloaded Web Sites\github_old_cfc\oldcfc\pdf_files\2023_DTpl_IEL_donnee.pdf
04.02.2025 20:44:59 : Extraction : C:\Downloaded Web Sites\github_old_cfc\oldcfc\pdf_files\2023_DTsc_ELM_corrige.pdf
04.02.2025 20:44:59 : Extraction : C:\Downloaded Web Sites\github_old_cfc\oldcfc\pdf_files\2023_DTsc_ELM_donnee.pdf
04.02.2025 20:44:59 : Extraction : C:\Downloaded Web Sites\github_old_cfc\oldcfc\pdf_files\2023_DTsc_IEL_corrige.pdf
04.02.2025 20:45:00 : Extraction : C:\Downloaded Web Sites\github_old_cfc\oldcfc\pdf_files\2023_DTsc_IEL_donnee.pdf
04.02.2025 20:45:00 : Extraction : C:\Downloaded Web Sites\github_old_cfc\oldcfc\pdf_files\2023_DT_PELE_corrige.pdf
04.02.2025 20:45:01 : Extraction : C:\Downloaded Web Sites\github_old_cfc\oldcfc\pdf_files\2023_DT_PELE_donnee.pdf
04.02.2025 20:45:01 : Extraction : C:\Downloaded Web Sites\github_old_cfc\oldcfc\pdf_files\2023_DT_TLM_corrige.pdf
04.02.2025 20:45:02 : Extraction : C:\Downloaded Web Sites\github_old_cfc\oldcfc\pdf_files\2023_DT_TLM_donnee.pdf
04.02.2025 20:45:03 : Extraction : C:\Downloaded Web Sites\github_old_cfc\oldcfc\pdf_files\2023_TC_IEL_corrige.pdf
04.02.2025 20:45:04 : Extraction : C:\Downloaded Web Sites\github_old_cfc\oldcfc\pdf_files\2023_TC_IEL_donnee.pdf
04.02.2025 20:45:04 : Extraction : C:\Downloaded Web Sites\github_old_cfc\oldcfc\pdf_files\2023_TC_PELE_corrige.pdf
04.02.2025 20:45:04 : Extraction : C:\Downloaded Web Sites\github_old_cfc\oldcfc\pdf_files\2023_TC_PELE_donnee.pdf
04.02.2025 20:45:05 : Extraction : C:\Downloaded Web Sites\github_old_cfc\oldcfc\pdf_files\2023_TR_TLM_corrige.pdf
04.02.2025 20:45:06 : Extraction : C:\Downloaded Web Sites\github_old_cfc\oldcfc\pdf_files\2023_TR_TLM_donnee.pdf
04.02.2025 20:45:07 : Extraction : C:\Downloaded Web Sites\github_old_cfc\oldcfc\pdf_files\2023_TS_ELM_corrige.pdf
04.02.2025 20:45:08 : Extraction : C:\Downloaded Web Sites\github_old_cfc\oldcfc\pdf_files\2023_TS_ELM_donnee.pdf
04.02.2025 20:45:08 : Extraction : C:\Downloaded Web Sites\github_old_cfc\oldcfc\pdf_files\2023_TS_IEL_corrige.pdf
04.02.2025 20:45:09 : Extraction : C:\Downloaded Web Sites\github_old_cfc\oldcfc\pdf_files\2023_TS_IEL_donnee.pdf
04.02.2025 20:45:10 : Extraction : C:\Downloaded Web Sites\github_old_cfc\oldcfc\pdf_files\2023_TS_PELE_corrige.pdf
04.02.2025 20:45:11 : Extraction : C:\Downloaded Web Sites\github_old_cfc\oldcfc\pdf_files\2023_TS_PELE_donnee.pdf
04.02.2025 20:45:11 : Extraction : C:\Downloaded Web Sites\github_old_cfc\oldcfc\pdf_files\2023_TS_TLM_corrige.pdf
04.02.2025 20:45:12 : Extraction : C:\Downloaded Web Sites\github_old_cfc\oldcfc\pdf_files\2023_TS_TLM_donnee.pdf
04.02.2025 20:45:12 : Création de l'index
04.02.2025 20:45:15 :   Nombre total de fichiers PDF dans tous les dossiers : 449
04.02.2025 20:45:15 :  Nombre total de pièces PDF jointes : 0
04.02.2025 20:45:15 :   Nombre total de nouveaux fichiers : 449
04.02.2025 20:45:15 :   Nombre total de pages indexées : 4511
04.02.2025 20:45:15 :   Nombre total de fichiers ignorés : 0
04.02.2025 20:45:15 :   Nombre total de fichiers supprimés : 0
04.02.2025 20:45:15 : La constitution d'index a réussi.
