04.02.2025 13:01:32 : Début de la constitution de l'index : C:\Downloaded Web Sites\github_old_cfc\oldcfc\pdf_files\pdf_500.pdx
04.02.2025 13:01:32 : Recherche en cours : C:\Downloaded Web Sites\github_old_cfc\oldcfc\pdf_files\
04.02.2025 13:01:40 : Indexation de 449 fichier(s)
04.02.2025 13:01:40 : Extraction : C:\Downloaded Web Sites\github_old_cfc\oldcfc\pdf_files\2011_BT_ELM_corrige.pdf
04.02.2025 13:01:40 : Extraction : C:\Downloaded Web Sites\github_old_cfc\oldcfc\pdf_files\2011_BT_ELM_donnee.pdf
04.02.2025 13:01:40 : Extraction : C:\Downloaded Web Sites\github_old_cfc\oldcfc\pdf_files\2011_BT_IEL_corrige.pdf
04.02.2025 13:01:40 : Extraction : C:\Downloaded Web Sites\github_old_cfc\oldcfc\pdf_files\2011_BT_IEL_donnee.pdf
04.02.2025 13:01:41 : Extraction : C:\Downloaded Web Sites\github_old_cfc\oldcfc\pdf_files\2011_BT_PELE_corrige.pdf
04.02.2025 13:01:41 : Extraction : C:\Downloaded Web Sites\github_old_cfc\oldcfc\pdf_files\2011_BT_PELE_donnee.pdf
04.02.2025 13:01:41 : Extraction : C:\Downloaded Web Sites\github_old_cfc\oldcfc\pdf_files\2011_BT_TLM_corrige.pdf
04.02.2025 13:01:41 : Extraction : C:\Downloaded Web Sites\github_old_cfc\oldcfc\pdf_files\2011_BT_TLM_donnee.pdf
04.02.2025 13:01:42 : Extraction : C:\Downloaded Web Sites\github_old_cfc\oldcfc\pdf_files\2011_DTno_ELM_corrige.pdf
04.02.2025 13:01:42 : Extraction : C:\Downloaded Web Sites\github_old_cfc\oldcfc\pdf_files\2011_DTno_ELM_donnee.pdf
04.02.2025 13:01:42 : Extraction : C:\Downloaded Web Sites\github_old_cfc\oldcfc\pdf_files\2011_DTno_IEL_corrige.pdf
04.02.2025 13:01:42 : Extraction : C:\Downloaded Web Sites\github_old_cfc\oldcfc\pdf_files\2011_DTno_IEL_donnee.pdf
04.02.2025 13:01:42 : Extraction : C:\Downloaded Web Sites\github_old_cfc\oldcfc\pdf_files\2011_DTpl_ELM_corrige.pdf
04.02.2025 13:01:42 : Extraction : C:\Downloaded Web Sites\github_old_cfc\oldcfc\pdf_files\2011_DTpl_ELM_donnee.pdf
04.02.2025 13:01:43 : Extraction : C:\Downloaded Web Sites\github_old_cfc\oldcfc\pdf_files\2011_DTpl_IEL_corrige.pdf
04.02.2025 13:01:43 : Extraction : C:\Downloaded Web Sites\github_old_cfc\oldcfc\pdf_files\2011_DTpl_IEL_donnee.pdf
04.02.2025 13:01:43 : Extraction : C:\Downloaded Web Sites\github_old_cfc\oldcfc\pdf_files\2011_DTsc_ELM_corrige.pdf
04.02.2025 13:01:43 : Extraction : C:\Downloaded Web Sites\github_old_cfc\oldcfc\pdf_files\2011_DTsc_ELM_donnee.pdf
04.02.2025 13:01:43 : Extraction : C:\Downloaded Web Sites\github_old_cfc\oldcfc\pdf_files\2011_DTsc_IEL_corrige.pdf
04.02.2025 13:01:44 : Extraction : C:\Downloaded Web Sites\github_old_cfc\oldcfc\pdf_files\2011_DTsc_IEL_donnee.pdf
04.02.2025 13:01:44 : Extraction : C:\Downloaded Web Sites\github_old_cfc\oldcfc\pdf_files\2011_DT_PELE_corrige.pdf
04.02.2025 13:01:44 : Extraction : C:\Downloaded Web Sites\github_old_cfc\oldcfc\pdf_files\2011_DT_PELE_donnee.pdf
04.02.2025 13:01:45 : Extraction : C:\Downloaded Web Sites\github_old_cfc\oldcfc\pdf_files\2011_DT_TLM_corrige.pdf
04.02.2025 13:01:45 : Extraction : C:\Downloaded Web Sites\github_old_cfc\oldcfc\pdf_files\2011_DT_TLM_donnee.pdf
04.02.2025 13:01:46 : Extraction : C:\Downloaded Web Sites\github_old_cfc\oldcfc\pdf_files\2011_TC_IEL_corrige.pdf
04.02.2025 13:01:46 : Extraction : C:\Downloaded Web Sites\github_old_cfc\oldcfc\pdf_files\2011_TC_IEL_donnee.pdf
04.02.2025 13:01:46 : Extraction : C:\Downloaded Web Sites\github_old_cfc\oldcfc\pdf_files\2011_TC_PELE_corrige.pdf
04.02.2025 13:01:46 : Extraction : C:\Downloaded Web Sites\github_old_cfc\oldcfc\pdf_files\2011_TC_PELE_donnee.pdf
04.02.2025 13:01:47 : Extraction : C:\Downloaded Web Sites\github_old_cfc\oldcfc\pdf_files\2011_TR_TLM_corrige.pdf
04.02.2025 13:01:47 : Extraction : C:\Downloaded Web Sites\github_old_cfc\oldcfc\pdf_files\2011_TR_TLM_donnee.pdf
04.02.2025 13:01:48 : Extraction : C:\Downloaded Web Sites\github_old_cfc\oldcfc\pdf_files\2011_TS_ELM_corrige.pdf
04.02.2025 13:01:48 : Extraction : C:\Downloaded Web Sites\github_old_cfc\oldcfc\pdf_files\2011_TS_ELM_donnee.pdf
04.02.2025 13:01:48 : Extraction : C:\Downloaded Web Sites\github_old_cfc\oldcfc\pdf_files\2011_TS_IEL_corrige.pdf
04.02.2025 13:01:49 : Extraction : C:\Downloaded Web Sites\github_old_cfc\oldcfc\pdf_files\2011_TS_IEL_donnee.pdf
04.02.2025 13:01:49 : Extraction : C:\Downloaded Web Sites\github_old_cfc\oldcfc\pdf_files\2011_TS_PELE_corrige.pdf
04.02.2025 13:01:49 : Extraction : C:\Downloaded Web Sites\github_old_cfc\oldcfc\pdf_files\2011_TS_PELE_donnee.pdf
04.02.2025 13:01:50 : Extraction : C:\Downloaded Web Sites\github_old_cfc\oldcfc\pdf_files\2011_TS_TLM_corrige.pdf
04.02.2025 13:01:50 : Extraction : C:\Downloaded Web Sites\github_old_cfc\oldcfc\pdf_files\2011_TS_TLM_donnee.pdf
04.02.2025 13:01:50 : Extraction : C:\Downloaded Web Sites\github_old_cfc\oldcfc\pdf_files\2012_BT_ELM_corrige.pdf
04.02.2025 13:01:50 : Extraction : C:\Downloaded Web Sites\github_old_cfc\oldcfc\pdf_files\2012_BT_ELM_donnee.pdf
04.02.2025 13:01:51 : Extraction : C:\Downloaded Web Sites\github_old_cfc\oldcfc\pdf_files\2012_BT_IELE_corrige.pdf
04.02.2025 13:01:51 : Extraction : C:\Downloaded Web Sites\github_old_cfc\oldcfc\pdf_files\2012_BT_IELE_donnee.pdf
04.02.2025 13:01:51 : Extraction : C:\Downloaded Web Sites\github_old_cfc\oldcfc\pdf_files\2012_BT_PELE_corrige.pdf
04.02.2025 13:01:52 : Extraction : C:\Downloaded Web Sites\github_old_cfc\oldcfc\pdf_files\2012_BT_PELE_donnee.pdf
04.02.2025 13:01:52 : Extraction : C:\Downloaded Web Sites\github_old_cfc\oldcfc\pdf_files\2012_BT_TLM_corrige.pdf
04.02.2025 13:01:52 : Extraction : C:\Downloaded Web Sites\github_old_cfc\oldcfc\pdf_files\2012_BT_TLM_donnee.pdf
04.02.2025 13:01:53 : Extraction : C:\Downloaded Web Sites\github_old_cfc\oldcfc\pdf_files\2012_DTno_ELM_corrige.pdf
04.02.2025 13:01:53 : Extraction : C:\Downloaded Web Sites\github_old_cfc\oldcfc\pdf_files\2012_DTno_ELM_donnee.pdf
04.02.2025 13:01:53 : Extraction : C:\Downloaded Web Sites\github_old_cfc\oldcfc\pdf_files\2012_DTno_IEL_corrige.pdf
04.02.2025 13:01:53 : Extraction : C:\Downloaded Web Sites\github_old_cfc\oldcfc\pdf_files\2012_DTno_IEL_donnee.pdf
04.02.2025 13:01:54 : Extraction : C:\Downloaded Web Sites\github_old_cfc\oldcfc\pdf_files\2012_DTpl_ELM_corrige.pdf
04.02.2025 13:01:54 : Extraction : C:\Downloaded Web Sites\github_old_cfc\oldcfc\pdf_files\2012_DTpl_ELM_donnee.pdf
04.02.2025 13:01:54 : Extraction : C:\Downloaded Web Sites\github_old_cfc\oldcfc\pdf_files\2012_DTpl_IEL_corrige.pdf
04.02.2025 13:01:54 : Extraction : C:\Downloaded Web Sites\github_old_cfc\oldcfc\pdf_files\2012_DTpl_IEL_donnee.pdf
04.02.2025 13:01:54 : Extraction : C:\Downloaded Web Sites\github_old_cfc\oldcfc\pdf_files\2012_DTsc_ELM_corrige.pdf
04.02.2025 13:01:55 : Extraction : C:\Downloaded Web Sites\github_old_cfc\oldcfc\pdf_files\2012_DTsc_ELM_donnee.pdf
04.02.2025 13:01:55 : Extraction : C:\Downloaded Web Sites\github_old_cfc\oldcfc\pdf_files\2012_DTsc_IEL_corrige.pdf
04.02.2025 13:01:55 : Extraction : C:\Downloaded Web Sites\github_old_cfc\oldcfc\pdf_files\2012_DTsc_IEL_donnee.pdf
04.02.2025 13:01:55 : Extraction : C:\Downloaded Web Sites\github_old_cfc\oldcfc\pdf_files\2012_DT_PELE_corrige.pdf
04.02.2025 13:01:56 : Extraction : C:\Downloaded Web Sites\github_old_cfc\oldcfc\pdf_files\2012_DT_PELE_donnee.pdf
04.02.2025 13:01:56 : Extraction : C:\Downloaded Web Sites\github_old_cfc\oldcfc\pdf_files\2012_DT_TLM_corrige.pdf
04.02.2025 13:01:57 : Extraction : C:\Downloaded Web Sites\github_old_cfc\oldcfc\pdf_files\2012_DT_TLM_donnee.pdf
04.02.2025 13:01:57 : Extraction : C:\Downloaded Web Sites\github_old_cfc\oldcfc\pdf_files\2012_TC_IEL_corrige.pdf
04.02.2025 13:01:57 : Extraction : C:\Downloaded Web Sites\github_old_cfc\oldcfc\pdf_files\2012_TC_IEL_donnee.pdf
04.02.2025 13:01:58 : Extraction : C:\Downloaded Web Sites\github_old_cfc\oldcfc\pdf_files\2012_TC_PELE_corrige.pdf
04.02.2025 13:01:58 : Extraction : C:\Downloaded Web Sites\github_old_cfc\oldcfc\pdf_files\2012_TC_PELE_donnee.pdf
04.02.2025 13:01:58 : Extraction : C:\Downloaded Web Sites\github_old_cfc\oldcfc\pdf_files\2012_TR_TLM_corrige.pdf
04.02.2025 13:01:59 : Extraction : C:\Downloaded Web Sites\github_old_cfc\oldcfc\pdf_files\2012_TR_TLM_donnee.pdf
04.02.2025 13:02:00 : Extraction : C:\Downloaded Web Sites\github_old_cfc\oldcfc\pdf_files\2012_TS_ELM_corrige.pdf
04.02.2025 13:02:00 : Extraction : C:\Downloaded Web Sites\github_old_cfc\oldcfc\pdf_files\2012_TS_ELM_donnee.pdf
04.02.2025 13:02:00 : Extraction : C:\Downloaded Web Sites\github_old_cfc\oldcfc\pdf_files\2012_TS_IEL_corrige.pdf
04.02.2025 13:02:01 : Extraction : C:\Downloaded Web Sites\github_old_cfc\oldcfc\pdf_files\2012_TS_IEL_donnee.pdf
04.02.2025 13:02:01 : Extraction : C:\Downloaded Web Sites\github_old_cfc\oldcfc\pdf_files\2012_TS_PELE_corrige.pdf
04.02.2025 13:02:02 : Extraction : C:\Downloaded Web Sites\github_old_cfc\oldcfc\pdf_files\2012_TS_PELE_donnee.pdf
04.02.2025 13:02:02 : Extraction : C:\Downloaded Web Sites\github_old_cfc\oldcfc\pdf_files\2012_TS_TLM_corrige.pdf
04.02.2025 13:02:03 : Extraction : C:\Downloaded Web Sites\github_old_cfc\oldcfc\pdf_files\2012_TS_TLM_donnee.pdf
04.02.2025 13:02:03 : Extraction : C:\Downloaded Web Sites\github_old_cfc\oldcfc\pdf_files\2013_BT_ELM_corrige.pdf
04.02.2025 13:02:03 : Extraction : C:\Downloaded Web Sites\github_old_cfc\oldcfc\pdf_files\2013_BT_ELM_donnee.pdf
04.02.2025 13:02:03 : Extraction : C:\Downloaded Web Sites\github_old_cfc\oldcfc\pdf_files\2013_BT_IEL_corrige.pdf
04.02.2025 13:02:04 : Extraction : C:\Downloaded Web Sites\github_old_cfc\oldcfc\pdf_files\2013_BT_IEL_donnee.pdf
04.02.2025 13:02:04 : Extraction : C:\Downloaded Web Sites\github_old_cfc\oldcfc\pdf_files\2013_BT_PELE_corrige.pdf
04.02.2025 13:02:04 : Extraction : C:\Downloaded Web Sites\github_old_cfc\oldcfc\pdf_files\2013_BT_PELE_donnee.pdf
04.02.2025 13:02:04 : Extraction : C:\Downloaded Web Sites\github_old_cfc\oldcfc\pdf_files\2013_BT_TLM_corrige.pdf
04.02.2025 13:02:05 : Extraction : C:\Downloaded Web Sites\github_old_cfc\oldcfc\pdf_files\2013_BT_TLM_donnee.pdf
04.02.2025 13:02:05 : Extraction : C:\Downloaded Web Sites\github_old_cfc\oldcfc\pdf_files\2013_DTno_ELM_corrige.pdf
04.02.2025 13:02:05 : Extraction : C:\Downloaded Web Sites\github_old_cfc\oldcfc\pdf_files\2013_DTno_ELM_donnee.pdf
04.02.2025 13:02:06 : Extraction : C:\Downloaded Web Sites\github_old_cfc\oldcfc\pdf_files\2013_DTno_IEL_corrige.pdf
04.02.2025 13:02:06 : Extraction : C:\Downloaded Web Sites\github_old_cfc\oldcfc\pdf_files\2013_DTno_IEL_donnee.pdf
04.02.2025 13:02:06 : Extraction : C:\Downloaded Web Sites\github_old_cfc\oldcfc\pdf_files\2013_DTpl_ELM_corrige.pdf
04.02.2025 13:02:06 : Extraction : C:\Downloaded Web Sites\github_old_cfc\oldcfc\pdf_files\2013_DTpl_ELM_donnee.pdf
04.02.2025 13:02:06 : Extraction : C:\Downloaded Web Sites\github_old_cfc\oldcfc\pdf_files\2013_DTpl_IEL_corrige.pdf
04.02.2025 13:02:07 : Extraction : C:\Downloaded Web Sites\github_old_cfc\oldcfc\pdf_files\2013_DTpl_IEL_donnee.pdf
04.02.2025 13:02:07 : Extraction : C:\Downloaded Web Sites\github_old_cfc\oldcfc\pdf_files\2013_DTsc_ELM_corrige.pdf
04.02.2025 13:02:07 : Extraction : C:\Downloaded Web Sites\github_old_cfc\oldcfc\pdf_files\2013_DTsc_ELM_donnee.pdf
04.02.2025 13:02:07 : Extraction : C:\Downloaded Web Sites\github_old_cfc\oldcfc\pdf_files\2013_DTsc_IEL_corrige.pdf
04.02.2025 13:02:08 : Extraction : C:\Downloaded Web Sites\github_old_cfc\oldcfc\pdf_files\2013_DTsc_IEL_donnee.pdf
04.02.2025 13:02:08 : Extraction : C:\Downloaded Web Sites\github_old_cfc\oldcfc\pdf_files\2013_DT_PELE_corrige.pdf
04.02.2025 13:02:08 : Extraction : C:\Downloaded Web Sites\github_old_cfc\oldcfc\pdf_files\2013_DT_PELE_donnee.pdf
04.02.2025 13:02:09 : Extraction : C:\Downloaded Web Sites\github_old_cfc\oldcfc\pdf_files\2013_DT_TLM_corrige.pdf
04.02.2025 13:02:09 : Extraction : C:\Downloaded Web Sites\github_old_cfc\oldcfc\pdf_files\2013_DT_TLM_donnee.pdf
04.02.2025 13:02:10 : Extraction : C:\Downloaded Web Sites\github_old_cfc\oldcfc\pdf_files\2013_TC_IEL_corrige.pdf
04.02.2025 13:02:10 : Extraction : C:\Downloaded Web Sites\github_old_cfc\oldcfc\pdf_files\2013_TC_IEL_donnee.pdf
04.02.2025 13:02:10 : Extraction : C:\Downloaded Web Sites\github_old_cfc\oldcfc\pdf_files\2013_TC_PELE_corrige.pdf
04.02.2025 13:02:11 : Extraction : C:\Downloaded Web Sites\github_old_cfc\oldcfc\pdf_files\2013_TC_PELE_donnee.pdf
04.02.2025 13:02:11 : Extraction : C:\Downloaded Web Sites\github_old_cfc\oldcfc\pdf_files\2013_TC_TLM_corrige.pdf
04.02.2025 13:02:12 : Extraction : C:\Downloaded Web Sites\github_old_cfc\oldcfc\pdf_files\2013_TC_TLM_donnee.pdf
04.02.2025 13:02:12 : Extraction : C:\Downloaded Web Sites\github_old_cfc\oldcfc\pdf_files\2013_TS_ELM_corrige.pdf
04.02.2025 13:02:13 : Extraction : C:\Downloaded Web Sites\github_old_cfc\oldcfc\pdf_files\2013_TS_ELM_donnee.pdf
04.02.2025 13:02:13 : Extraction : C:\Downloaded Web Sites\github_old_cfc\oldcfc\pdf_files\2013_TS_IEL_corrige.pdf
04.02.2025 13:02:13 : Extraction : C:\Downloaded Web Sites\github_old_cfc\oldcfc\pdf_files\2013_TS_IEL_donnee.pdf
04.02.2025 13:02:14 : Extraction : C:\Downloaded Web Sites\github_old_cfc\oldcfc\pdf_files\2013_TS_PELE_corrige.pdf
04.02.2025 13:02:14 : Extraction : C:\Downloaded Web Sites\github_old_cfc\oldcfc\pdf_files\2013_TS_PELE_donnee.pdf
04.02.2025 13:02:15 : Extraction : C:\Downloaded Web Sites\github_old_cfc\oldcfc\pdf_files\2013_TS_TLM_corrige.pdf
04.02.2025 13:02:15 : Extraction : C:\Downloaded Web Sites\github_old_cfc\oldcfc\pdf_files\2013_TS_TLM_donnee.pdf
04.02.2025 13:02:16 : Extraction : C:\Downloaded Web Sites\github_old_cfc\oldcfc\pdf_files\2014_BT_ELM_corrige.pdf
04.02.2025 13:02:16 : Extraction : C:\Downloaded Web Sites\github_old_cfc\oldcfc\pdf_files\2014_BT_ELM_donnee.pdf
04.02.2025 13:02:16 : Extraction : C:\Downloaded Web Sites\github_old_cfc\oldcfc\pdf_files\2014_BT_IEL_corrige.pdf
04.02.2025 13:02:17 : Extraction : C:\Downloaded Web Sites\github_old_cfc\oldcfc\pdf_files\2014_BT_IEL_donnee.pdf
04.02.2025 13:02:17 : Extraction : C:\Downloaded Web Sites\github_old_cfc\oldcfc\pdf_files\2014_BT_PELE_corrige.pdf
04.02.2025 13:02:17 : Extraction : C:\Downloaded Web Sites\github_old_cfc\oldcfc\pdf_files\2014_BT_PELE_donnee.pdf
04.02.2025 13:02:17 : Extraction : C:\Downloaded Web Sites\github_old_cfc\oldcfc\pdf_files\2014_BT_TLM_corrige.pdf
04.02.2025 13:02:18 : Extraction : C:\Downloaded Web Sites\github_old_cfc\oldcfc\pdf_files\2014_BT_TLM_donnee.pdf
04.02.2025 13:02:18 : Extraction : C:\Downloaded Web Sites\github_old_cfc\oldcfc\pdf_files\2014_DTno_ELM_corrige.pdf
04.02.2025 13:02:19 : Extraction : C:\Downloaded Web Sites\github_old_cfc\oldcfc\pdf_files\2014_DTno_ELM_donnee.pdf
04.02.2025 13:02:19 : Extraction : C:\Downloaded Web Sites\github_old_cfc\oldcfc\pdf_files\2014_DTno_IEL_corrige.pdf
04.02.2025 13:02:19 : Extraction : C:\Downloaded Web Sites\github_old_cfc\oldcfc\pdf_files\2014_DTno_IEL_donnee.pdf
04.02.2025 13:02:19 : Extraction : C:\Downloaded Web Sites\github_old_cfc\oldcfc\pdf_files\2014_DTpl_ELM_corrige.pdf
04.02.2025 13:02:20 : Extraction : C:\Downloaded Web Sites\github_old_cfc\oldcfc\pdf_files\2014_DTpl_ELM_donnee.pdf
04.02.2025 13:02:20 : Extraction : C:\Downloaded Web Sites\github_old_cfc\oldcfc\pdf_files\2014_DTpl_IEL_corrige.pdf
04.02.2025 13:02:20 : Extraction : C:\Downloaded Web Sites\github_old_cfc\oldcfc\pdf_files\2014_DTpl_IEL_donnee.pdf
04.02.2025 13:02:21 : Extraction : C:\Downloaded Web Sites\github_old_cfc\oldcfc\pdf_files\2014_DTsc_ELM_corrige.pdf
04.02.2025 13:02:21 : Extraction : C:\Downloaded Web Sites\github_old_cfc\oldcfc\pdf_files\2014_DTsc_ELM_donnee.pdf
04.02.2025 13:02:21 : Extraction : C:\Downloaded Web Sites\github_old_cfc\oldcfc\pdf_files\2014_DTsc_IEL_corrige.pdf
04.02.2025 13:02:21 : Extraction : C:\Downloaded Web Sites\github_old_cfc\oldcfc\pdf_files\2014_DTsc_IEL_donnee.pdf
04.02.2025 13:02:22 : Extraction : C:\Downloaded Web Sites\github_old_cfc\oldcfc\pdf_files\2014_DT_PELE_corrige.pdf
04.02.2025 13:02:22 : Extraction : C:\Downloaded Web Sites\github_old_cfc\oldcfc\pdf_files\2014_DT_PELE_donnee.pdf
04.02.2025 13:02:22 : Extraction : C:\Downloaded Web Sites\github_old_cfc\oldcfc\pdf_files\2014_DT_TLM_corrige.pdf
04.02.2025 13:02:23 : Extraction : C:\Downloaded Web Sites\github_old_cfc\oldcfc\pdf_files\2014_DT_TLM_donnee.pdf
04.02.2025 13:02:24 : Extraction : C:\Downloaded Web Sites\github_old_cfc\oldcfc\pdf_files\2014_TC_IEL_corrige.pdf
04.02.2025 13:02:24 : Extraction : C:\Downloaded Web Sites\github_old_cfc\oldcfc\pdf_files\2014_TC_IEL_donnee.pdf
04.02.2025 13:02:24 : Extraction : C:\Downloaded Web Sites\github_old_cfc\oldcfc\pdf_files\2014_TC_PELE_corrige.pdf
04.02.2025 13:02:24 : Extraction : C:\Downloaded Web Sites\github_old_cfc\oldcfc\pdf_files\2014_TC_PELE_donnee.pdf
04.02.2025 13:02:25 : Extraction : C:\Downloaded Web Sites\github_old_cfc\oldcfc\pdf_files\2014_TR_TLM_corrige.pdf
04.02.2025 13:02:26 : Extraction : C:\Downloaded Web Sites\github_old_cfc\oldcfc\pdf_files\2014_TR_TLM_donnee.pdf
04.02.2025 13:02:26 : Extraction : C:\Downloaded Web Sites\github_old_cfc\oldcfc\pdf_files\2014_TS_ELM_corrige.pdf
04.02.2025 13:02:27 : Extraction : C:\Downloaded Web Sites\github_old_cfc\oldcfc\pdf_files\2014_TS_ELM_donnee.pdf
04.02.2025 13:02:27 : Extraction : C:\Downloaded Web Sites\github_old_cfc\oldcfc\pdf_files\2014_TS_IEL_corrige.pdf
04.02.2025 13:02:28 : Extraction : C:\Downloaded Web Sites\github_old_cfc\oldcfc\pdf_files\2014_TS_IEL_donnee.pdf
04.02.2025 13:02:28 : Extraction : C:\Downloaded Web Sites\github_old_cfc\oldcfc\pdf_files\2014_TS_PELE_corrige.pdf
04.02.2025 13:02:29 : Extraction : C:\Downloaded Web Sites\github_old_cfc\oldcfc\pdf_files\2014_TS_PELE_donnee.pdf
04.02.2025 13:02:29 : Extraction : C:\Downloaded Web Sites\github_old_cfc\oldcfc\pdf_files\2014_TS_TLM_corrige.pdf
04.02.2025 13:02:29 : Extraction : C:\Downloaded Web Sites\github_old_cfc\oldcfc\pdf_files\2014_TS_TLM_donnee.pdf
04.02.2025 13:02:30 : Extraction : C:\Downloaded Web Sites\github_old_cfc\oldcfc\pdf_files\2015_BT_ELM_corrige.pdf
04.02.2025 13:02:30 : Extraction : C:\Downloaded Web Sites\github_old_cfc\oldcfc\pdf_files\2015_BT_ELM_donnee.pdf
04.02.2025 13:02:30 : Extraction : C:\Downloaded Web Sites\github_old_cfc\oldcfc\pdf_files\2015_BT_IEL_corrige.pdf
04.02.2025 13:02:30 : Extraction : C:\Downloaded Web Sites\github_old_cfc\oldcfc\pdf_files\2015_BT_IEL_donnee.pdf
04.02.2025 13:02:31 : Extraction : C:\Downloaded Web Sites\github_old_cfc\oldcfc\pdf_files\2015_BT_PELE_corrige.pdf
04.02.2025 13:02:31 : Extraction : C:\Downloaded Web Sites\github_old_cfc\oldcfc\pdf_files\2015_BT_PELE_donnee.pdf
04.02.2025 13:02:31 : Extraction : C:\Downloaded Web Sites\github_old_cfc\oldcfc\pdf_files\2015_BT_TLM_corrige.pdf
04.02.2025 13:02:31 : Extraction : C:\Downloaded Web Sites\github_old_cfc\oldcfc\pdf_files\2015_BT_TLM_donnee.pdf
04.02.2025 13:02:31 : Extraction : C:\Downloaded Web Sites\github_old_cfc\oldcfc\pdf_files\2015_DTno_ELM_corrige.pdf
04.02.2025 13:02:32 : Extraction : C:\Downloaded Web Sites\github_old_cfc\oldcfc\pdf_files\2015_DTno_ELM_donnee.pdf
04.02.2025 13:02:32 : Extraction : C:\Downloaded Web Sites\github_old_cfc\oldcfc\pdf_files\2015_DTno_IEL_corrige.pdf
04.02.2025 13:02:32 : Extraction : C:\Downloaded Web Sites\github_old_cfc\oldcfc\pdf_files\2015_DTno_IEL_donnee.pdf
04.02.2025 13:02:32 : Extraction : C:\Downloaded Web Sites\github_old_cfc\oldcfc\pdf_files\2015_DTpl_ELM_corrige.pdf
04.02.2025 13:02:32 : Extraction : C:\Downloaded Web Sites\github_old_cfc\oldcfc\pdf_files\2015_DTpl_ELM_donnee.pdf
04.02.2025 13:02:32 : Extraction : C:\Downloaded Web Sites\github_old_cfc\oldcfc\pdf_files\2015_DTpl_IEL_corrige.pdf
04.02.2025 13:02:33 : Extraction : C:\Downloaded Web Sites\github_old_cfc\oldcfc\pdf_files\2015_DTpl_IEL_donnee.pdf
04.02.2025 13:02:33 : Extraction : C:\Downloaded Web Sites\github_old_cfc\oldcfc\pdf_files\2015_DTsc_ELM_corrige.pdf
04.02.2025 13:02:33 : Extraction : C:\Downloaded Web Sites\github_old_cfc\oldcfc\pdf_files\2015_DTsc_ELM_donnee.pdf
04.02.2025 13:02:33 : Extraction : C:\Downloaded Web Sites\github_old_cfc\oldcfc\pdf_files\2015_DTsc_IEL_corrige.pdf
04.02.2025 13:02:34 : Extraction : C:\Downloaded Web Sites\github_old_cfc\oldcfc\pdf_files\2015_DTsc_IEL_donnee.pdf
04.02.2025 13:02:34 : Extraction : C:\Downloaded Web Sites\github_old_cfc\oldcfc\pdf_files\2015_DT_PELE_corrige.pdf
04.02.2025 13:02:35 : Extraction : C:\Downloaded Web Sites\github_old_cfc\oldcfc\pdf_files\2015_DT_PELE_donnee.pdf
04.02.2025 13:02:35 : Extraction : C:\Downloaded Web Sites\github_old_cfc\oldcfc\pdf_files\2015_DT_TLM_corrige.pdf
04.02.2025 13:02:36 : Extraction : C:\Downloaded Web Sites\github_old_cfc\oldcfc\pdf_files\2015_DT_TLM_donnee.pdf
04.02.2025 13:02:36 : Extraction : C:\Downloaded Web Sites\github_old_cfc\oldcfc\pdf_files\2015_TC_IEL_corrige.pdf
04.02.2025 13:02:36 : Extraction : C:\Downloaded Web Sites\github_old_cfc\oldcfc\pdf_files\2015_TC_IEL_donnee.pdf
04.02.2025 13:02:36 : Extraction : C:\Downloaded Web Sites\github_old_cfc\oldcfc\pdf_files\2015_TC_PELE_corrige.pdf
04.02.2025 13:02:37 : Extraction : C:\Downloaded Web Sites\github_old_cfc\oldcfc\pdf_files\2015_TC_PELE_donnee.pdf
04.02.2025 13:02:37 : Extraction : C:\Downloaded Web Sites\github_old_cfc\oldcfc\pdf_files\2015_TR_TLM_corrige.pdf
04.02.2025 13:02:37 : Extraction : C:\Downloaded Web Sites\github_old_cfc\oldcfc\pdf_files\2015_TR_TLM_donnee.pdf
04.02.2025 13:02:38 : Extraction : C:\Downloaded Web Sites\github_old_cfc\oldcfc\pdf_files\2015_TS_ELM_corrige.pdf
04.02.2025 13:02:38 : Extraction : C:\Downloaded Web Sites\github_old_cfc\oldcfc\pdf_files\2015_TS_ELM_donnee.pdf
04.02.2025 13:02:38 : Extraction : C:\Downloaded Web Sites\github_old_cfc\oldcfc\pdf_files\2015_TS_IEL_corrige.pdf
04.02.2025 13:02:39 : Extraction : C:\Downloaded Web Sites\github_old_cfc\oldcfc\pdf_files\2015_TS_IEL_donnee.pdf
04.02.2025 13:02:39 : Extraction : C:\Downloaded Web Sites\github_old_cfc\oldcfc\pdf_files\2015_TS_PELE_corrige.pdf
04.02.2025 13:02:40 : Extraction : C:\Downloaded Web Sites\github_old_cfc\oldcfc\pdf_files\2015_TS_PELE_donnee.pdf
04.02.2025 13:02:40 : Extraction : C:\Downloaded Web Sites\github_old_cfc\oldcfc\pdf_files\2015_TS_TLM_corrige.pdf
04.02.2025 13:02:42 : Extraction : C:\Downloaded Web Sites\github_old_cfc\oldcfc\pdf_files\2015_TS_TLM_donnee.pdf
04.02.2025 13:02:42 : Extraction : C:\Downloaded Web Sites\github_old_cfc\oldcfc\pdf_files\2015_zero_DTno_ELM_corrige.pdf
04.02.2025 13:02:43 : Extraction : C:\Downloaded Web Sites\github_old_cfc\oldcfc\pdf_files\2015_zero_DTno_ELM_donnee.pdf
04.02.2025 13:02:43 : Extraction : C:\Downloaded Web Sites\github_old_cfc\oldcfc\pdf_files\2015_zero_DTno_IEL_corrige.pdf
04.02.2025 13:02:43 : Extraction : C:\Downloaded Web Sites\github_old_cfc\oldcfc\pdf_files\2015_zero_DTno_IEL_donnee.pdf
04.02.2025 13:02:44 : Extraction : C:\Downloaded Web Sites\github_old_cfc\oldcfc\pdf_files\2015_zero_DTpl_ELM_corrige.pdf
04.02.2025 13:02:44 : Extraction : C:\Downloaded Web Sites\github_old_cfc\oldcfc\pdf_files\2015_zero_DTpl_ELM_donnee.pdf
04.02.2025 13:02:44 : Extraction : C:\Downloaded Web Sites\github_old_cfc\oldcfc\pdf_files\2015_zero_DTpl_IEL_corrige.pdf
04.02.2025 13:02:44 : Extraction : C:\Downloaded Web Sites\github_old_cfc\oldcfc\pdf_files\2015_zero_DTpl_IEL_donnee.pdf
04.02.2025 13:02:45 : Extraction : C:\Downloaded Web Sites\github_old_cfc\oldcfc\pdf_files\2015_zero_DTsc_ELM_corrige.pdf
04.02.2025 13:02:45 : Extraction : C:\Downloaded Web Sites\github_old_cfc\oldcfc\pdf_files\2015_zero_DTsc_ELM_donnee.pdf
04.02.2025 13:02:45 : Extraction : C:\Downloaded Web Sites\github_old_cfc\oldcfc\pdf_files\2015_zero_DTsc_IEL_corrige.pdf
04.02.2025 13:02:46 : Extraction : C:\Downloaded Web Sites\github_old_cfc\oldcfc\pdf_files\2015_zero_DTsc_IEL_donnee.pdf
04.02.2025 13:02:46 : Extraction : C:\Downloaded Web Sites\github_old_cfc\oldcfc\pdf_files\2015_zero_DT_PELE_corrige.pdf
04.02.2025 13:02:46 : Extraction : C:\Downloaded Web Sites\github_old_cfc\oldcfc\pdf_files\2015_zero_DT_PELE_donnee.pdf
04.02.2025 13:02:47 : Extraction : C:\Downloaded Web Sites\github_old_cfc\oldcfc\pdf_files\2015_zero_DT_TLM_corrige.pdf
04.02.2025 13:02:48 : Extraction : C:\Downloaded Web Sites\github_old_cfc\oldcfc\pdf_files\2015_zero_DT_TLM_donnee.pdf
04.02.2025 13:02:49 : Extraction : C:\Downloaded Web Sites\github_old_cfc\oldcfc\pdf_files\2015_zero_TC_IEL_corrige.pdf
04.02.2025 13:02:50 : Extraction : C:\Downloaded Web Sites\github_old_cfc\oldcfc\pdf_files\2015_zero_TC_IEL_donnee.pdf
04.02.2025 13:02:50 : Extraction : C:\Downloaded Web Sites\github_old_cfc\oldcfc\pdf_files\2015_zero_TC_PELE_corrige.pdf
04.02.2025 13:02:50 : Extraction : C:\Downloaded Web Sites\github_old_cfc\oldcfc\pdf_files\2015_zero_TC_PELE_donnee.pdf
04.02.2025 13:02:51 : Extraction : C:\Downloaded Web Sites\github_old_cfc\oldcfc\pdf_files\2015_zero_TR_TLM_corrige.pdf
04.02.2025 13:02:52 : Extraction : C:\Downloaded Web Sites\github_old_cfc\oldcfc\pdf_files\2015_zero_TR_TLM_donnee.pdf
04.02.2025 13:02:52 : Extraction : C:\Downloaded Web Sites\github_old_cfc\oldcfc\pdf_files\2015_zero_TS_ELM_corrige.pdf
04.02.2025 13:02:53 : Extraction : C:\Downloaded Web Sites\github_old_cfc\oldcfc\pdf_files\2015_zero_TS_ELM_donnee.pdf
04.02.2025 13:02:53 : Extraction : C:\Downloaded Web Sites\github_old_cfc\oldcfc\pdf_files\2015_zero_TS_IEL_corrige.pdf
04.02.2025 13:02:54 : Extraction : C:\Downloaded Web Sites\github_old_cfc\oldcfc\pdf_files\2015_zero_TS_IEL_donnee.pdf
04.02.2025 13:02:54 : Extraction : C:\Downloaded Web Sites\github_old_cfc\oldcfc\pdf_files\2015_zero_TS_PELE_corrige.pdf
04.02.2025 13:02:55 : Extraction : C:\Downloaded Web Sites\github_old_cfc\oldcfc\pdf_files\2015_zero_TS_PELE_donnee.pdf
04.02.2025 13:02:56 : Extraction : C:\Downloaded Web Sites\github_old_cfc\oldcfc\pdf_files\2015_zero_TS_TLM_corrige.pdf
04.02.2025 13:02:56 : Extraction : C:\Downloaded Web Sites\github_old_cfc\oldcfc\pdf_files\2015_zero_TS_TLM_donnee.pdf
04.02.2025 13:02:57 : Extraction : C:\Downloaded Web Sites\github_old_cfc\oldcfc\pdf_files\2016_BT_ELM_corrige.pdf
04.02.2025 13:02:57 : Extraction : C:\Downloaded Web Sites\github_old_cfc\oldcfc\pdf_files\2016_BT_ELM_donnee.pdf
04.02.2025 13:02:57 : Extraction : C:\Downloaded Web Sites\github_old_cfc\oldcfc\pdf_files\2016_BT_IEL_corrige.pdf
04.02.2025 13:02:58 : Extraction : C:\Downloaded Web Sites\github_old_cfc\oldcfc\pdf_files\2016_BT_IEL_donnee.pdf
04.02.2025 13:02:58 : Extraction : C:\Downloaded Web Sites\github_old_cfc\oldcfc\pdf_files\2016_BT_PELE_corrige.pdf
04.02.2025 13:02:58 : Extraction : C:\Downloaded Web Sites\github_old_cfc\oldcfc\pdf_files\2016_BT_PELE_donnee.pdf
04.02.2025 13:02:59 : Extraction : C:\Downloaded Web Sites\github_old_cfc\oldcfc\pdf_files\2016_BT_TLM_corrige.pdf
04.02.2025 13:02:59 : Extraction : C:\Downloaded Web Sites\github_old_cfc\oldcfc\pdf_files\2016_BT_TLM_donnee.pdf
04.02.2025 13:02:59 : Extraction : C:\Downloaded Web Sites\github_old_cfc\oldcfc\pdf_files\2016_DTno_ELM_corrige.pdf
04.02.2025 13:03:00 : Extraction : C:\Downloaded Web Sites\github_old_cfc\oldcfc\pdf_files\2016_DTno_ELM_donnee.pdf
04.02.2025 13:03:00 : Extraction : C:\Downloaded Web Sites\github_old_cfc\oldcfc\pdf_files\2016_DTno_IEL_corrige.pdf
04.02.2025 13:03:00 : Extraction : C:\Downloaded Web Sites\github_old_cfc\oldcfc\pdf_files\2016_DTno_IEL_donnee.pdf
04.02.2025 13:03:01 : Extraction : C:\Downloaded Web Sites\github_old_cfc\oldcfc\pdf_files\2016_DTpl_ELM_corrige.pdf
04.02.2025 13:03:01 : Extraction : C:\Downloaded Web Sites\github_old_cfc\oldcfc\pdf_files\2016_DTpl_ELM_donnee.pdf
04.02.2025 13:03:01 : Extraction : C:\Downloaded Web Sites\github_old_cfc\oldcfc\pdf_files\2016_DTpl_IEL_corrige.pdf
04.02.2025 13:03:02 : Extraction : C:\Downloaded Web Sites\github_old_cfc\oldcfc\pdf_files\2016_DTpl_IEL_donnee.pdf
04.02.2025 13:03:02 : Extraction : C:\Downloaded Web Sites\github_old_cfc\oldcfc\pdf_files\2016_DTsc_ELM_corrige.pdf
04.02.2025 13:03:02 : Extraction : C:\Downloaded Web Sites\github_old_cfc\oldcfc\pdf_files\2016_DTsc_ELM_donnee.pdf
04.02.2025 13:03:02 : Extraction : C:\Downloaded Web Sites\github_old_cfc\oldcfc\pdf_files\2016_DTsc_IEL_corrige.pdf
04.02.2025 13:03:03 : Extraction : C:\Downloaded Web Sites\github_old_cfc\oldcfc\pdf_files\2016_DTsc_IEL_donnee.pdf
04.02.2025 13:03:03 : Extraction : C:\Downloaded Web Sites\github_old_cfc\oldcfc\pdf_files\2016_DT_PELE_corrige.pdf
04.02.2025 13:03:03 : Extraction : C:\Downloaded Web Sites\github_old_cfc\oldcfc\pdf_files\2016_DT_PELE_donnee.pdf
04.02.2025 13:03:04 : Extraction : C:\Downloaded Web Sites\github_old_cfc\oldcfc\pdf_files\2016_DT_TLM_corrige.pdf
04.02.2025 13:03:05 : Extraction : C:\Downloaded Web Sites\github_old_cfc\oldcfc\pdf_files\2016_DT_TLM_donnee.pdf
04.02.2025 13:03:06 : Extraction : C:\Downloaded Web Sites\github_old_cfc\oldcfc\pdf_files\2016_TC_IEL_corrige.pdf
04.02.2025 13:03:06 : Extraction : C:\Downloaded Web Sites\github_old_cfc\oldcfc\pdf_files\2016_TC_IEL_donnee.pdf
04.02.2025 13:03:06 : Extraction : C:\Downloaded Web Sites\github_old_cfc\oldcfc\pdf_files\2016_TC_PELE_corrige.pdf
04.02.2025 13:03:06 : Extraction : C:\Downloaded Web Sites\github_old_cfc\oldcfc\pdf_files\2016_TC_PELE_donnee.pdf
04.02.2025 13:03:07 : Extraction : C:\Downloaded Web Sites\github_old_cfc\oldcfc\pdf_files\2016_TR_TLM_corrige.pdf
04.02.2025 13:03:08 : Extraction : C:\Downloaded Web Sites\github_old_cfc\oldcfc\pdf_files\2016_TR_TLM_donnee.pdf
04.02.2025 13:03:09 : Extraction : C:\Downloaded Web Sites\github_old_cfc\oldcfc\pdf_files\2016_TS_ELM_corrige.pdf
04.02.2025 13:03:09 : Extraction : C:\Downloaded Web Sites\github_old_cfc\oldcfc\pdf_files\2016_TS_ELM_donnee.pdf
04.02.2025 13:03:09 : Extraction : C:\Downloaded Web Sites\github_old_cfc\oldcfc\pdf_files\2016_TS_IEL_corrige.pdf
04.02.2025 13:03:10 : Extraction : C:\Downloaded Web Sites\github_old_cfc\oldcfc\pdf_files\2016_TS_IEL_donnee.pdf
04.02.2025 13:03:10 : Extraction : C:\Downloaded Web Sites\github_old_cfc\oldcfc\pdf_files\2016_TS_PELE_corrige.pdf
04.02.2025 13:03:11 : Extraction : C:\Downloaded Web Sites\github_old_cfc\oldcfc\pdf_files\2016_TS_PELE_donnee.pdf
04.02.2025 13:03:12 : Extraction : C:\Downloaded Web Sites\github_old_cfc\oldcfc\pdf_files\2016_TS_TLM_corrige.pdf
04.02.2025 13:03:12 : Extraction : C:\Downloaded Web Sites\github_old_cfc\oldcfc\pdf_files\2016_TS_TLM_donnee.pdf
04.02.2025 13:03:12 : Extraction : C:\Downloaded Web Sites\github_old_cfc\oldcfc\pdf_files\2017_BT_ELM_corrige.pdf
04.02.2025 13:03:13 : Extraction : C:\Downloaded Web Sites\github_old_cfc\oldcfc\pdf_files\2017_BT_ELM_donnee.pdf
04.02.2025 13:03:13 : Extraction : C:\Downloaded Web Sites\github_old_cfc\oldcfc\pdf_files\2017_BT_IEL_corrige.pdf
04.02.2025 13:03:13 : Extraction : C:\Downloaded Web Sites\github_old_cfc\oldcfc\pdf_files\2017_BT_IEL_donnee.pdf
04.02.2025 13:03:13 : Extraction : C:\Downloaded Web Sites\github_old_cfc\oldcfc\pdf_files\2017_BT_PELE_corrige.pdf
04.02.2025 13:03:14 : Extraction : C:\Downloaded Web Sites\github_old_cfc\oldcfc\pdf_files\2017_BT_PELE_donnee.pdf
04.02.2025 13:03:14 : Extraction : C:\Downloaded Web Sites\github_old_cfc\oldcfc\pdf_files\2017_BT_TLM_corrige.pdf
04.02.2025 13:03:15 : Extraction : C:\Downloaded Web Sites\github_old_cfc\oldcfc\pdf_files\2017_BT_TLM_donnee.pdf
04.02.2025 13:03:15 : Extraction : C:\Downloaded Web Sites\github_old_cfc\oldcfc\pdf_files\2017_DTno_ELM_corrige.pdf
04.02.2025 13:03:15 : Extraction : C:\Downloaded Web Sites\github_old_cfc\oldcfc\pdf_files\2017_DTno_ELM_donnee.pdf
04.02.2025 13:03:15 : Extraction : C:\Downloaded Web Sites\github_old_cfc\oldcfc\pdf_files\2017_DTno_IEL_corrige.pdf
04.02.2025 13:03:16 : Extraction : C:\Downloaded Web Sites\github_old_cfc\oldcfc\pdf_files\2017_DTno_IEL_donnee.pdf
04.02.2025 13:03:16 : Extraction : C:\Downloaded Web Sites\github_old_cfc\oldcfc\pdf_files\2017_DTpl_ELM_corrige.pdf
04.02.2025 13:03:16 : Extraction : C:\Downloaded Web Sites\github_old_cfc\oldcfc\pdf_files\2017_DTpl_ELM_donnee.pdf
04.02.2025 13:03:17 : Extraction : C:\Downloaded Web Sites\github_old_cfc\oldcfc\pdf_files\2017_DTpl_IEL_corrige.pdf
04.02.2025 13:03:17 : Extraction : C:\Downloaded Web Sites\github_old_cfc\oldcfc\pdf_files\2017_DTpl_IEL_donnee.pdf
04.02.2025 13:03:17 : Extraction : C:\Downloaded Web Sites\github_old_cfc\oldcfc\pdf_files\2017_DTsc_ELM_corrige.pdf
04.02.2025 13:03:18 : Extraction : C:\Downloaded Web Sites\github_old_cfc\oldcfc\pdf_files\2017_DTsc_ELM_donnee.pdf
04.02.2025 13:03:18 : Extraction : C:\Downloaded Web Sites\github_old_cfc\oldcfc\pdf_files\2017_DTsc_IEL_corrige.pdf
04.02.2025 13:03:18 : Extraction : C:\Downloaded Web Sites\github_old_cfc\oldcfc\pdf_files\2017_DTsc_IEL_donnee.pdf
04.02.2025 13:03:19 : Extraction : C:\Downloaded Web Sites\github_old_cfc\oldcfc\pdf_files\2017_DT_PELE_corrige.pdf
04.02.2025 13:03:19 : Extraction : C:\Downloaded Web Sites\github_old_cfc\oldcfc\pdf_files\2017_DT_PELE_donnee.pdf
04.02.2025 13:03:19 : Extraction : C:\Downloaded Web Sites\github_old_cfc\oldcfc\pdf_files\2017_DT_TLM_corrige.pdf
04.02.2025 13:03:20 : Extraction : C:\Downloaded Web Sites\github_old_cfc\oldcfc\pdf_files\2017_DT_TLM_donnee.pdf
04.02.2025 13:03:21 : Extraction : C:\Downloaded Web Sites\github_old_cfc\oldcfc\pdf_files\2017_TC_IEL_corrige.pdf
04.02.2025 13:03:22 : Extraction : C:\Downloaded Web Sites\github_old_cfc\oldcfc\pdf_files\2017_TC_IEL_donnee.pdf
04.02.2025 13:03:22 : Extraction : C:\Downloaded Web Sites\github_old_cfc\oldcfc\pdf_files\2017_TC_PELE_corrige.pdf
04.02.2025 13:03:22 : Extraction : C:\Downloaded Web Sites\github_old_cfc\oldcfc\pdf_files\2017_TC_PELE_donnee.pdf
04.02.2025 13:03:23 : Extraction : C:\Downloaded Web Sites\github_old_cfc\oldcfc\pdf_files\2017_TR_TLM_corrige.pdf
04.02.2025 13:03:24 : Extraction : C:\Downloaded Web Sites\github_old_cfc\oldcfc\pdf_files\2017_TR_TLM_donnee.pdf
04.02.2025 13:03:24 : Extraction : C:\Downloaded Web Sites\github_old_cfc\oldcfc\pdf_files\2017_TS_ELM_corrige.pdf
04.02.2025 13:03:25 : Extraction : C:\Downloaded Web Sites\github_old_cfc\oldcfc\pdf_files\2017_TS_ELM_donnee.pdf
04.02.2025 13:03:25 : Extraction : C:\Downloaded Web Sites\github_old_cfc\oldcfc\pdf_files\2017_TS_IEL_corrige.pdf
04.02.2025 13:03:26 : Extraction : C:\Downloaded Web Sites\github_old_cfc\oldcfc\pdf_files\2017_TS_IEL_donnee.pdf
04.02.2025 13:03:26 : Extraction : C:\Downloaded Web Sites\github_old_cfc\oldcfc\pdf_files\2017_TS_PELE_corrige.pdf
04.02.2025 13:03:27 : Extraction : C:\Downloaded Web Sites\github_old_cfc\oldcfc\pdf_files\2017_TS_PELE_donnee.pdf
04.02.2025 13:03:27 : Extraction : C:\Downloaded Web Sites\github_old_cfc\oldcfc\pdf_files\2017_TS_TLM_corrige.pdf
04.02.2025 13:03:28 : Extraction : C:\Downloaded Web Sites\github_old_cfc\oldcfc\pdf_files\2017_TS_TLM_donnee.pdf
04.02.2025 13:03:28 : Extraction : C:\Downloaded Web Sites\github_old_cfc\oldcfc\pdf_files\2018_BT_IEL_corrige.pdf
04.02.2025 13:03:28 : Extraction : C:\Downloaded Web Sites\github_old_cfc\oldcfc\pdf_files\2018_BT_IEL_donnee.pdf
04.02.2025 13:03:29 : Extraction : C:\Downloaded Web Sites\github_old_cfc\oldcfc\pdf_files\2018_BT_PELE_corrige.pdf
04.02.2025 13:03:29 : Extraction : C:\Downloaded Web Sites\github_old_cfc\oldcfc\pdf_files\2018_BT_PELE_donnee.pdf
04.02.2025 13:03:29 : Extraction : C:\Downloaded Web Sites\github_old_cfc\oldcfc\pdf_files\2018_BT_TLM_corrige.pdf
04.02.2025 13:03:29 : Extraction : C:\Downloaded Web Sites\github_old_cfc\oldcfc\pdf_files\2018_BT_TLM_donnee.pdf
04.02.2025 13:03:30 : Extraction : C:\Downloaded Web Sites\github_old_cfc\oldcfc\pdf_files\2018_DTno_ELM_corrige.pdf
04.02.2025 13:03:30 : Extraction : C:\Downloaded Web Sites\github_old_cfc\oldcfc\pdf_files\2018_DTno_ELM_donnee.pdf
04.02.2025 13:03:30 : Extraction : C:\Downloaded Web Sites\github_old_cfc\oldcfc\pdf_files\2018_DTno_IEL_corrige.pdf
04.02.2025 13:03:30 : Extraction : C:\Downloaded Web Sites\github_old_cfc\oldcfc\pdf_files\2018_DTno_IEL_donnee.pdf
04.02.2025 13:03:31 : Extraction : C:\Downloaded Web Sites\github_old_cfc\oldcfc\pdf_files\2018_DTpl_ELM_corrige.pdf
04.02.2025 13:03:31 : Extraction : C:\Downloaded Web Sites\github_old_cfc\oldcfc\pdf_files\2018_DTpl_ELM_donnee.pdf
04.02.2025 13:03:31 : Extraction : C:\Downloaded Web Sites\github_old_cfc\oldcfc\pdf_files\2018_DTpl_IEL_corrige.pdf
04.02.2025 13:03:31 : Extraction : C:\Downloaded Web Sites\github_old_cfc\oldcfc\pdf_files\2018_DTpl_IEL_donnee.pdf
04.02.2025 13:03:32 : Extraction : C:\Downloaded Web Sites\github_old_cfc\oldcfc\pdf_files\2018_DTsc_ELM_corrige.pdf
04.02.2025 13:03:32 : Extraction : C:\Downloaded Web Sites\github_old_cfc\oldcfc\pdf_files\2018_DTsc_ELM_donnee.pdf
04.02.2025 13:03:32 : Extraction : C:\Downloaded Web Sites\github_old_cfc\oldcfc\pdf_files\2018_DTsc_IEL_corrige.pdf
04.02.2025 13:03:33 : Extraction : C:\Downloaded Web Sites\github_old_cfc\oldcfc\pdf_files\2018_DTsc_IEL_donnee.pdf
04.02.2025 13:03:33 : Extraction : C:\Downloaded Web Sites\github_old_cfc\oldcfc\pdf_files\2018_DT_PELE_corrige.pdf
04.02.2025 13:03:33 : Extraction : C:\Downloaded Web Sites\github_old_cfc\oldcfc\pdf_files\2018_DT_PELE_donnee.pdf
04.02.2025 13:03:33 : Extraction : C:\Downloaded Web Sites\github_old_cfc\oldcfc\pdf_files\2018_DT_TLM_corrige.pdf
04.02.2025 13:03:34 : Extraction : C:\Downloaded Web Sites\github_old_cfc\oldcfc\pdf_files\2018_DT_TLM_donnee.pdf
04.02.2025 13:03:35 : Extraction : C:\Downloaded Web Sites\github_old_cfc\oldcfc\pdf_files\2018_TC_IEL_corrige.pdf
04.02.2025 13:03:36 : Extraction : C:\Downloaded Web Sites\github_old_cfc\oldcfc\pdf_files\2018_TC_IEL_donnee.pdf
04.02.2025 13:03:36 : Extraction : C:\Downloaded Web Sites\github_old_cfc\oldcfc\pdf_files\2018_TC_PELE_corrige.pdf
04.02.2025 13:03:36 : Extraction : C:\Downloaded Web Sites\github_old_cfc\oldcfc\pdf_files\2018_TC_PELE_donnee.pdf
04.02.2025 13:03:36 : Extraction : C:\Downloaded Web Sites\github_old_cfc\oldcfc\pdf_files\2018_TR_TLM_corrige.pdf
04.02.2025 13:03:37 : Extraction : C:\Downloaded Web Sites\github_old_cfc\oldcfc\pdf_files\2018_TR_TLM_donnee.pdf
04.02.2025 13:03:38 : Extraction : C:\Downloaded Web Sites\github_old_cfc\oldcfc\pdf_files\2018_TS_ELM_corrige.pdf
04.02.2025 13:03:38 : Extraction : C:\Downloaded Web Sites\github_old_cfc\oldcfc\pdf_files\2018_TS_ELM_donnee.pdf
04.02.2025 13:03:38 : Extraction : C:\Downloaded Web Sites\github_old_cfc\oldcfc\pdf_files\2018_TS_IEL_corrige.pdf
04.02.2025 13:03:39 : Extraction : C:\Downloaded Web Sites\github_old_cfc\oldcfc\pdf_files\2018_TS_IEL_donnee.pdf
04.02.2025 13:03:39 : Extraction : C:\Downloaded Web Sites\github_old_cfc\oldcfc\pdf_files\2018_TS_PELE_corrige.pdf
04.02.2025 13:03:39 : Extraction : C:\Downloaded Web Sites\github_old_cfc\oldcfc\pdf_files\2018_TS_PELE_donnee.pdf
04.02.2025 13:03:40 : Extraction : C:\Downloaded Web Sites\github_old_cfc\oldcfc\pdf_files\2018_TS_TLM_corrige.pdf
04.02.2025 13:03:40 : Extraction : C:\Downloaded Web Sites\github_old_cfc\oldcfc\pdf_files\2018_TS_TLM_donnee.pdf
04.02.2025 13:03:40 : Extraction : C:\Downloaded Web Sites\github_old_cfc\oldcfc\pdf_files\2019_DTno_ELM_corrige.pdf
04.02.2025 13:03:41 : Extraction : C:\Downloaded Web Sites\github_old_cfc\oldcfc\pdf_files\2019_DTno_ELM_donnee.pdf
04.02.2025 13:03:41 : Extraction : C:\Downloaded Web Sites\github_old_cfc\oldcfc\pdf_files\2019_DTno_IEL_corrige.pdf
04.02.2025 13:03:41 : Extraction : C:\Downloaded Web Sites\github_old_cfc\oldcfc\pdf_files\2019_DTno_IEL_donnee.pdf
04.02.2025 13:03:41 : Extraction : C:\Downloaded Web Sites\github_old_cfc\oldcfc\pdf_files\2019_DTpl_ELM_corrige.pdf
04.02.2025 13:03:42 : Extraction : C:\Downloaded Web Sites\github_old_cfc\oldcfc\pdf_files\2019_DTpl_ELM_donnee.pdf
04.02.2025 13:03:42 : Extraction : C:\Downloaded Web Sites\github_old_cfc\oldcfc\pdf_files\2019_DTpl_IEL_corrige.pdf
04.02.2025 13:03:42 : Extraction : C:\Downloaded Web Sites\github_old_cfc\oldcfc\pdf_files\2019_DTpl_IEL_donnee.pdf
04.02.2025 13:03:43 : Extraction : C:\Downloaded Web Sites\github_old_cfc\oldcfc\pdf_files\2019_DTsc_ELM_corrige.pdf
04.02.2025 13:03:43 : Extraction : C:\Downloaded Web Sites\github_old_cfc\oldcfc\pdf_files\2019_DTsc_ELM_donnee.pdf
04.02.2025 13:03:43 : Extraction : C:\Downloaded Web Sites\github_old_cfc\oldcfc\pdf_files\2019_DTsc_IEL_corrige.pdf
04.02.2025 13:03:44 : Extraction : C:\Downloaded Web Sites\github_old_cfc\oldcfc\pdf_files\2019_DTsc_IEL_donnee.pdf
04.02.2025 13:03:44 : Extraction : C:\Downloaded Web Sites\github_old_cfc\oldcfc\pdf_files\2019_DT_PELE_corrige.pdf
04.02.2025 13:03:44 : Extraction : C:\Downloaded Web Sites\github_old_cfc\oldcfc\pdf_files\2019_DT_PELE_donnee.pdf
04.02.2025 13:03:45 : Extraction : C:\Downloaded Web Sites\github_old_cfc\oldcfc\pdf_files\2019_DT_TLM_corrige.pdf
04.02.2025 13:03:46 : Extraction : C:\Downloaded Web Sites\github_old_cfc\oldcfc\pdf_files\2019_DT_TLM_donnee.pdf
04.02.2025 13:03:47 : Extraction : C:\Downloaded Web Sites\github_old_cfc\oldcfc\pdf_files\2019_TC_IEL_corrige.pdf
04.02.2025 13:03:48 : Extraction : C:\Downloaded Web Sites\github_old_cfc\oldcfc\pdf_files\2019_TC_IEL_donnee.pdf
04.02.2025 13:03:48 : Extraction : C:\Downloaded Web Sites\github_old_cfc\oldcfc\pdf_files\2019_TC_PELE_corrige.pdf
04.02.2025 13:03:48 : Extraction : C:\Downloaded Web Sites\github_old_cfc\oldcfc\pdf_files\2019_TC_PELE_donnee.pdf
04.02.2025 13:03:49 : Extraction : C:\Downloaded Web Sites\github_old_cfc\oldcfc\pdf_files\2019_TR_TLM_corrige.pdf
04.02.2025 13:03:50 : Extraction : C:\Downloaded Web Sites\github_old_cfc\oldcfc\pdf_files\2019_TR_TLM_donnee.pdf
04.02.2025 13:03:51 : Extraction : C:\Downloaded Web Sites\github_old_cfc\oldcfc\pdf_files\2019_TS_ELM_corrige.pdf
04.02.2025 13:03:51 : Extraction : C:\Downloaded Web Sites\github_old_cfc\oldcfc\pdf_files\2019_TS_ELM_donnee.pdf
04.02.2025 13:03:51 : Extraction : C:\Downloaded Web Sites\github_old_cfc\oldcfc\pdf_files\2019_TS_IEL_corrige.pdf
04.02.2025 13:03:52 : Extraction : C:\Downloaded Web Sites\github_old_cfc\oldcfc\pdf_files\2019_TS_IEL_donnee.pdf
04.02.2025 13:03:52 : Extraction : C:\Downloaded Web Sites\github_old_cfc\oldcfc\pdf_files\2019_TS_PELE_corrige.pdf
04.02.2025 13:03:53 : Extraction : C:\Downloaded Web Sites\github_old_cfc\oldcfc\pdf_files\2019_TS_PELE_donnee.pdf
04.02.2025 13:03:53 : Extraction : C:\Downloaded Web Sites\github_old_cfc\oldcfc\pdf_files\2019_TS_TLM_corrige.pdf
04.02.2025 13:03:54 : Extraction : C:\Downloaded Web Sites\github_old_cfc\oldcfc\pdf_files\2019_TS_TLM_donnee.pdf
04.02.2025 13:03:55 : Extraction : C:\Downloaded Web Sites\github_old_cfc\oldcfc\pdf_files\2021_DTno_ELM_corrige.pdf
04.02.2025 13:03:55 : Extraction : C:\Downloaded Web Sites\github_old_cfc\oldcfc\pdf_files\2021_DTno_ELM_donnee.pdf
04.02.2025 13:03:55 : Extraction : C:\Downloaded Web Sites\github_old_cfc\oldcfc\pdf_files\2021_DTno_IEL_corrige.pdf
04.02.2025 13:03:55 : Extraction : C:\Downloaded Web Sites\github_old_cfc\oldcfc\pdf_files\2021_DTno_IEL_donnee.pdf
04.02.2025 13:03:56 : Extraction : C:\Downloaded Web Sites\github_old_cfc\oldcfc\pdf_files\2021_DTpl_ELM_donnee.pdf
04.02.2025 13:03:56 : Extraction : C:\Downloaded Web Sites\github_old_cfc\oldcfc\pdf_files\2021_DTpl_IEL_corrige.pdf
04.02.2025 13:03:56 : Extraction : C:\Downloaded Web Sites\github_old_cfc\oldcfc\pdf_files\2021_DTpl_IEL_donnee.pdf
04.02.2025 13:03:56 : Extraction : C:\Downloaded Web Sites\github_old_cfc\oldcfc\pdf_files\2021_DTsc_ELM_corrige.pdf
04.02.2025 13:03:57 : Extraction : C:\Downloaded Web Sites\github_old_cfc\oldcfc\pdf_files\2021_DTsc_ELM_donnee.pdf
04.02.2025 13:03:57 : Extraction : C:\Downloaded Web Sites\github_old_cfc\oldcfc\pdf_files\2021_DTsc_IEL_corrige.pdf
04.02.2025 13:03:57 : Extraction : C:\Downloaded Web Sites\github_old_cfc\oldcfc\pdf_files\2021_DTsc_IEL_donnee.pdf
04.02.2025 13:03:58 : Extraction : C:\Downloaded Web Sites\github_old_cfc\oldcfc\pdf_files\2021_DT_PELE_corrige.pdf
04.02.2025 13:03:58 : Extraction : C:\Downloaded Web Sites\github_old_cfc\oldcfc\pdf_files\2021_DT_PELE_donnee.pdf
04.02.2025 13:03:59 : Extraction : C:\Downloaded Web Sites\github_old_cfc\oldcfc\pdf_files\2021_DT_TLM_corrige.pdf
04.02.2025 13:04:00 : Extraction : C:\Downloaded Web Sites\github_old_cfc\oldcfc\pdf_files\2021_DT_TLM_donnee.pdf
04.02.2025 13:04:02 : Extraction : C:\Downloaded Web Sites\github_old_cfc\oldcfc\pdf_files\2021_TC_IEL_corrige.pdf
04.02.2025 13:04:02 : Extraction : C:\Downloaded Web Sites\github_old_cfc\oldcfc\pdf_files\2021_TC_IEL_donnee.pdf
04.02.2025 13:04:02 : Extraction : C:\Downloaded Web Sites\github_old_cfc\oldcfc\pdf_files\2021_TC_PELE_corrige.pdf
04.02.2025 13:04:02 : Extraction : C:\Downloaded Web Sites\github_old_cfc\oldcfc\pdf_files\2021_TC_PELE_donnee.pdf
04.02.2025 13:04:03 : Extraction : C:\Downloaded Web Sites\github_old_cfc\oldcfc\pdf_files\2021_TR_TLM_corrige.pdf
04.02.2025 13:04:04 : Extraction : C:\Downloaded Web Sites\github_old_cfc\oldcfc\pdf_files\2021_TR_TLM_donnee.pdf
04.02.2025 13:04:05 : Extraction : C:\Downloaded Web Sites\github_old_cfc\oldcfc\pdf_files\2021_TS_IEL_corrige.pdf
04.02.2025 13:04:06 : Extraction : C:\Downloaded Web Sites\github_old_cfc\oldcfc\pdf_files\2021_TS_IEL_donnee.pdf
04.02.2025 13:04:06 : Extraction : C:\Downloaded Web Sites\github_old_cfc\oldcfc\pdf_files\2021_TS_PELE_corrige.pdf
04.02.2025 13:04:07 : Extraction : C:\Downloaded Web Sites\github_old_cfc\oldcfc\pdf_files\2021_TS_PELE_donnee.pdf
04.02.2025 13:04:08 : Extraction : C:\Downloaded Web Sites\github_old_cfc\oldcfc\pdf_files\2021_TS_TLM_corrige.pdf
04.02.2025 13:04:08 : Extraction : C:\Downloaded Web Sites\github_old_cfc\oldcfc\pdf_files\2021_TS_TLM_donnee.pdf
04.02.2025 13:04:09 : Extraction : C:\Downloaded Web Sites\github_old_cfc\oldcfc\pdf_files\2022_DTno_ELM_corrige.pdf
04.02.2025 13:04:09 : Extraction : C:\Downloaded Web Sites\github_old_cfc\oldcfc\pdf_files\2022_DTno_ELM_donnee.pdf
04.02.2025 13:04:09 : Extraction : C:\Downloaded Web Sites\github_old_cfc\oldcfc\pdf_files\2022_DTno_IEL_corrige.pdf
04.02.2025 13:04:10 : Extraction : C:\Downloaded Web Sites\github_old_cfc\oldcfc\pdf_files\2022_DTno_IEL_donnee.pdf
04.02.2025 13:04:10 : Extraction : C:\Downloaded Web Sites\github_old_cfc\oldcfc\pdf_files\2022_DTpl_ELM_corrige.pdf
04.02.2025 13:04:11 : Extraction : C:\Downloaded Web Sites\github_old_cfc\oldcfc\pdf_files\2022_DTpl_ELM_donnee.pdf
04.02.2025 13:04:11 : Extraction : C:\Downloaded Web Sites\github_old_cfc\oldcfc\pdf_files\2022_DTpl_IEL_corrige.pdf
04.02.2025 13:04:11 : Extraction : C:\Downloaded Web Sites\github_old_cfc\oldcfc\pdf_files\2022_DTpl_IEL_donnee.pdf
04.02.2025 13:04:11 : Extraction : C:\Downloaded Web Sites\github_old_cfc\oldcfc\pdf_files\2022_DTsc_ELM_corrige.pdf
04.02.2025 13:04:12 : Extraction : C:\Downloaded Web Sites\github_old_cfc\oldcfc\pdf_files\2022_DTsc_ELM_donnee.pdf
04.02.2025 13:04:12 : Extraction : C:\Downloaded Web Sites\github_old_cfc\oldcfc\pdf_files\2022_DTsc_IEL_corrige.pdf
04.02.2025 13:04:12 : Extraction : C:\Downloaded Web Sites\github_old_cfc\oldcfc\pdf_files\2022_DTsc_IEL_donnee.pdf
04.02.2025 13:04:13 : Extraction : C:\Downloaded Web Sites\github_old_cfc\oldcfc\pdf_files\2022_DT_PELE_corrige.pdf
04.02.2025 13:04:13 : Extraction : C:\Downloaded Web Sites\github_old_cfc\oldcfc\pdf_files\2022_DT_PELE_donnee.pdf
04.02.2025 13:04:13 : Extraction : C:\Downloaded Web Sites\github_old_cfc\oldcfc\pdf_files\2022_DT_TLM_corrige.pdf
04.02.2025 13:04:15 : Extraction : C:\Downloaded Web Sites\github_old_cfc\oldcfc\pdf_files\2022_DT_TLM_donnee.pdf
04.02.2025 13:04:16 : Extraction : C:\Downloaded Web Sites\github_old_cfc\oldcfc\pdf_files\2022_TC_IEL_corrige.pdf
04.02.2025 13:04:17 : Extraction : C:\Downloaded Web Sites\github_old_cfc\oldcfc\pdf_files\2022_TC_IEL_donnee.pdf
04.02.2025 13:04:17 : Extraction : C:\Downloaded Web Sites\github_old_cfc\oldcfc\pdf_files\2022_TC_PELE_corrige.pdf
04.02.2025 13:04:17 : Extraction : C:\Downloaded Web Sites\github_old_cfc\oldcfc\pdf_files\2022_TC_PELE_donnee.pdf
04.02.2025 13:04:17 : Extraction : C:\Downloaded Web Sites\github_old_cfc\oldcfc\pdf_files\2022_TR_TLM_corrige.pdf
04.02.2025 13:04:19 : Extraction : C:\Downloaded Web Sites\github_old_cfc\oldcfc\pdf_files\2022_TR_TLM_donnee.pdf
04.02.2025 13:04:20 : Extraction : C:\Downloaded Web Sites\github_old_cfc\oldcfc\pdf_files\2022_TS_ELM_corrige.pdf
04.02.2025 13:04:20 : Extraction : C:\Downloaded Web Sites\github_old_cfc\oldcfc\pdf_files\2022_TS_ELM_donnee.pdf
04.02.2025 13:04:21 : Extraction : C:\Downloaded Web Sites\github_old_cfc\oldcfc\pdf_files\2022_TS_IEL_corrige.pdf
04.02.2025 13:04:22 : Extraction : C:\Downloaded Web Sites\github_old_cfc\oldcfc\pdf_files\2022_TS_IEL_donnee.pdf
04.02.2025 13:04:22 : Extraction : C:\Downloaded Web Sites\github_old_cfc\oldcfc\pdf_files\2022_TS_PELE_corrige.pdf
04.02.2025 13:04:23 : Extraction : C:\Downloaded Web Sites\github_old_cfc\oldcfc\pdf_files\2022_TS_PELE_donnee.pdf
04.02.2025 13:04:24 : Extraction : C:\Downloaded Web Sites\github_old_cfc\oldcfc\pdf_files\2022_TS_TLM_corrige.pdf
04.02.2025 13:04:24 : Extraction : C:\Downloaded Web Sites\github_old_cfc\oldcfc\pdf_files\2022_TS_TLM_donnee.pdf
04.02.2025 13:04:25 : Extraction : C:\Downloaded Web Sites\github_old_cfc\oldcfc\pdf_files\2023_DTno_ELM_corrige.pdf
04.02.2025 13:04:25 : Extraction : C:\Downloaded Web Sites\github_old_cfc\oldcfc\pdf_files\2023_DTno_ELM_donnee.pdf
04.02.2025 13:04:25 : Extraction : C:\Downloaded Web Sites\github_old_cfc\oldcfc\pdf_files\2023_DTno_IEL_corrige.pdf
04.02.2025 13:04:26 : Extraction : C:\Downloaded Web Sites\github_old_cfc\oldcfc\pdf_files\2023_DTno_IEL_donnee.pdf
04.02.2025 13:04:26 : Extraction : C:\Downloaded Web Sites\github_old_cfc\oldcfc\pdf_files\2023_DTpl_ELM_corrige.pdf
04.02.2025 13:04:27 : Extraction : C:\Downloaded Web Sites\github_old_cfc\oldcfc\pdf_files\2023_DTpl_ELM_donnee.pdf
04.02.2025 13:04:27 : Extraction : C:\Downloaded Web Sites\github_old_cfc\oldcfc\pdf_files\2023_DTpl_IEL_corrige.pdf
04.02.2025 13:04:27 : Extraction : C:\Downloaded Web Sites\github_old_cfc\oldcfc\pdf_files\2023_DTpl_IEL_donnee.pdf
04.02.2025 13:04:28 : Extraction : C:\Downloaded Web Sites\github_old_cfc\oldcfc\pdf_files\2023_DTsc_ELM_corrige.pdf
04.02.2025 13:04:28 : Extraction : C:\Downloaded Web Sites\github_old_cfc\oldcfc\pdf_files\2023_DTsc_ELM_donnee.pdf
04.02.2025 13:04:28 : Extraction : C:\Downloaded Web Sites\github_old_cfc\oldcfc\pdf_files\2023_DTsc_IEL_corrige.pdf
04.02.2025 13:04:29 : Extraction : C:\Downloaded Web Sites\github_old_cfc\oldcfc\pdf_files\2023_DTsc_IEL_donnee.pdf
04.02.2025 13:04:29 : Extraction : C:\Downloaded Web Sites\github_old_cfc\oldcfc\pdf_files\2023_DT_PELE_corrige.pdf
04.02.2025 13:04:30 : Extraction : C:\Downloaded Web Sites\github_old_cfc\oldcfc\pdf_files\2023_DT_PELE_donnee.pdf
04.02.2025 13:04:30 : Extraction : C:\Downloaded Web Sites\github_old_cfc\oldcfc\pdf_files\2023_DT_TLM_corrige.pdf
04.02.2025 13:04:31 : Extraction : C:\Downloaded Web Sites\github_old_cfc\oldcfc\pdf_files\2023_DT_TLM_donnee.pdf
04.02.2025 13:04:32 : Extraction : C:\Downloaded Web Sites\github_old_cfc\oldcfc\pdf_files\2023_TC_IEL_corrige.pdf
04.02.2025 13:04:33 : Extraction : C:\Downloaded Web Sites\github_old_cfc\oldcfc\pdf_files\2023_TC_IEL_donnee.pdf
04.02.2025 13:04:33 : Extraction : C:\Downloaded Web Sites\github_old_cfc\oldcfc\pdf_files\2023_TC_PELE_corrige.pdf
04.02.2025 13:04:33 : Extraction : C:\Downloaded Web Sites\github_old_cfc\oldcfc\pdf_files\2023_TC_PELE_donnee.pdf
04.02.2025 13:04:34 : Extraction : C:\Downloaded Web Sites\github_old_cfc\oldcfc\pdf_files\2023_TR_TLM_corrige.pdf
04.02.2025 13:04:35 : Extraction : C:\Downloaded Web Sites\github_old_cfc\oldcfc\pdf_files\2023_TR_TLM_donnee.pdf
04.02.2025 13:04:36 : Extraction : C:\Downloaded Web Sites\github_old_cfc\oldcfc\pdf_files\2023_TS_ELM_corrige.pdf
04.02.2025 13:04:36 : Extraction : C:\Downloaded Web Sites\github_old_cfc\oldcfc\pdf_files\2023_TS_ELM_donnee.pdf
04.02.2025 13:04:37 : Extraction : C:\Downloaded Web Sites\github_old_cfc\oldcfc\pdf_files\2023_TS_IEL_corrige.pdf
04.02.2025 13:04:38 : Extraction : C:\Downloaded Web Sites\github_old_cfc\oldcfc\pdf_files\2023_TS_IEL_donnee.pdf
04.02.2025 13:04:38 : Extraction : C:\Downloaded Web Sites\github_old_cfc\oldcfc\pdf_files\2023_TS_PELE_corrige.pdf
04.02.2025 13:04:39 : Extraction : C:\Downloaded Web Sites\github_old_cfc\oldcfc\pdf_files\2023_TS_PELE_donnee.pdf
04.02.2025 13:04:40 : Extraction : C:\Downloaded Web Sites\github_old_cfc\oldcfc\pdf_files\2023_TS_TLM_corrige.pdf
04.02.2025 13:04:40 : Extraction : C:\Downloaded Web Sites\github_old_cfc\oldcfc\pdf_files\2023_TS_TLM_donnee.pdf
04.02.2025 13:04:41 : Création de l'index
04.02.2025 13:04:42 :   Nombre total de fichiers PDF dans tous les dossiers : 449
04.02.2025 13:04:42 :  Nombre total de pièces PDF jointes : 0
04.02.2025 13:04:42 :   Nombre total de nouveaux fichiers : 449
04.02.2025 13:04:42 :   Nombre total de pages indexées : 4511
04.02.2025 13:04:42 :   Nombre total de fichiers ignorés : 0
04.02.2025 13:04:42 :   Nombre total de fichiers supprimés : 0
04.02.2025 13:04:42 : La constitution d'index a réussi.
